<?xml version="1.0" encoding="utf-8"?><testsuites name="pytest tests"><testsuite name="pytest" errors="0" failures="0" skipped="0" tests="6" time="2.244" timestamp="2026-05-04T18:09:30.412450+00:00" hostname="agent-env-b0a2c0e5-3027-45ee-8f80-3260f0ff349f"><testcase classname="tests.test_c3_governance_smoke" name="test_get_revisions" time="1.757" /><testcase classname="tests.test_c3_governance_smoke" name="test_create_scenario_upside" time="0.100" /><testcase classname="tests.test_c3_governance_smoke" name="test_comparator" time="0.169" /><testcase classname="tests.test_c3_governance_smoke" name="test_list_decisions" time="0.066" /><testcase classname="tests.test_c3_governance_smoke" name="test_get_nudge" time="0.066" /><testcase classname="tests.test_c3_governance_smoke" name="test_new_version_endpoint_exists" time="0.062" /></testsuite></testsuites>