<?xml version="1.0" encoding="utf-8"?><testsuites name="pytest tests"><testsuite name="pytest" errors="0" failures="0" skipped="0" tests="55" time="6.915" timestamp="2026-04-26T20:23:55.506236+00:00" hostname="agent-env-9df81e51-567d-4640-8c45-a1ce8fc91a17"><testcase classname="tests.test_system_config.TestSeed" name="test_seed_creates_38_keys" time="0.724" /><testcase classname="tests.test_system_config.TestSeed" name="test_seed_covers_expected_categories" time="0.069" /><testcase classname="tests.test_system_config.TestSeed" name="test_default_value_snapshotted" time="0.060" /><testcase classname="tests.test_system_config.TestTypedParse" name="test_typed_parse[notification.email_from_address-String-platform@sy-homes.co.uk]" time="0.057" /><testcase classname="tests.test_system_config.TestTypedParse" name="test_typed_parse[security.password_min_length-Integer-12]" time="0.056" /><testcase classname="tests.test_system_config.TestTypedParse" name="test_typed_parse[finance.default_hurdle_on_cost_pct-Decimal-20]" time="0.057" /><testcase classname="tests.test_system_config.TestTypedParse" name="test_typed_parse[audit.retention_purge_enabled-Boolean-False]" time="0.055" /><testcase classname="tests.test_system_config.TestTypedParse" name="test_typed_parse[security.mfa_required_roles-JSON-expected4]" time="0.056" /><testcase classname="tests.test_system_config.TestTypedParse" name="test_unknown_key_returns_404" time="0.053" /><testcase classname="tests.test_system_config.TestWriteUpdate" name="test_put_updates_and_audits" time="0.114" /><testcase classname="tests.test_system_config.TestWriteUpdate" name="test_put_validates_integer" time="0.053" /><testcase classname="tests.test_system_config.TestWriteUpdate" name="test_put_validates_json" time="0.057" /><testcase classname="tests.test_system_config.TestWriteUpdate" name="test_put_validates_boolean" time="0.054" /><testcase classname="tests.test_system_config.TestWriteUpdate" name="test_put_unknown_key_404" time="0.054" /><testcase classname="tests.test_system_config.TestRestore" name="test_restore_returns_to_default" time="0.113" /><testcase classname="tests.test_system_config.TestPermissions" name="test_all_roles_can_view" time="2.094" /><testcase classname="tests.test_system_config.TestPermissions" name="test_director_cannot_admin" time="0.278" /><testcase classname="tests.test_system_config.TestPermissions" name="test_readonly_cannot_admin" time="0.219" /><testcase classname="tests.test_system_config.TestPermissions" name="test_super_admin_can_admin" time="0.113" /><testcase classname="tests.test_system_config.TestSystemLocked" name="test_put_rejects_locked_key" time="0.465" /><testcase classname="tests.test_system_config.TestServiceCache" name="test_cache_serves_repeat_reads" time="0.178" /><testcase classname="tests.test_system_config.TestServiceCache" name="test_invalidate_forces_reread" time="0.002" /><testcase classname="tests.test_system_config.TestServiceCache" name="test_set_invalidates_cache" time="0.014" /><testcase classname="tests.test_notifications.TestDispatch" name="test_dispatch_creates_row" time="0.009" /><testcase classname="tests.test_notifications.TestDispatch" name="test_dispatch_default_expires_at_30_days" time="0.004" /><testcase classname="tests.test_notifications.TestDispatch" name="test_dispatch_high_sends_email" time="0.006" /><testcase classname="tests.test_notifications.TestDispatch" name="test_dispatch_critical_sends_email" time="0.005" /><testcase classname="tests.test_notifications.TestDispatch" name="test_dispatch_normal_no_email" time="0.004" /><testcase classname="tests.test_notifications.TestDispatch" name="test_dispatch_records_audit" time="0.005" /><testcase classname="tests.test_notifications.TestDispatch" name="test_dispatch_invalid_type_raises" time="0.001" /><testcase classname="tests.test_notifications.TestInbox" name="test_inbox_own_only" time="0.514" /><testcase classname="tests.test_notifications.TestInbox" name="test_inbox_filter_by_type" time="0.061" /><testcase classname="tests.test_notifications.TestInbox" name="test_inbox_filter_by_read" time="0.054" /><testcase classname="tests.test_notifications.TestInbox" name="test_unread_count_endpoint" time="0.054" /><testcase classname="tests.test_notifications.TestGrouping" name="test_groups_three_or_more_same_type_same_window" time="0.001" /><testcase classname="tests.test_notifications.TestGrouping" name="test_does_not_group_below_threshold" time="0.000" /><testcase classname="tests.test_notifications.TestGrouping" name="test_does_not_group_across_window" time="0.000" /><testcase classname="tests.test_notifications.TestReadDismiss" name="test_patch_read" time="0.060" /><testcase classname="tests.test_notifications.TestReadDismiss" name="test_patch_dismiss" time="0.061" /><testcase classname="tests.test_notifications.TestReadDismiss" name="test_patch_others_notification_403" time="0.054" /><testcase classname="tests.test_notifications.TestReadDismiss" name="test_mark_all_read" time="0.115" /><testcase classname="tests.test_notifications.TestCascade" name="test_user_delete_cascades" time="0.183" /><testcase classname="tests.test_scheduler_jobs.TestNotificationExpirySweep" name="test_dismisses_expired" time="0.028" /><testcase classname="tests.test_scheduler_jobs.TestNotificationExpirySweep" name="test_skips_unexpired" time="0.007" /><testcase classname="tests.test_scheduler_jobs.TestNotificationExpirySweep" name="test_skips_already_dismissed" time="0.009" /><testcase classname="tests.test_scheduler_jobs.TestAuditRetentionSweep" name="test_skipped_when_disabled" time="0.005" /><testcase classname="tests.test_scheduler_jobs.TestAuditRetentionSweep" name="test_runs_when_enabled" time="0.008" /><testcase classname="tests.test_scheduler_jobs.TestSchedulerLifecycle" name="test_start_and_stop_idempotent" time="0.002" /><testcase classname="tests.test_retro_wires.TestPlanningExpiryRetrowire" name="test_sweep_dispatches_deadline_approaching" time="0.028" /><testcase classname="tests.test_retro_wires.TestStageOverrideRetrowire" name="test_override_dispatches_system_announcement_to_directors" time="0.343" /><testcase classname="tests.test_retro_wires.TestInsuranceAlertRetrowire" name="test_emit_alert_dispatches_insurance_expiry" time="0.028" /><testcase classname="tests.test_retro_wires.TestAuthRetrowires" name="test_password_reset_dispatches_security_alert" time="0.124" /><testcase classname="tests.test_retro_wires.TestPermissionsCatalogue" name="test_system_config_view_granted_to_all_10_roles" time="0.004" /><testcase classname="tests.test_retro_wires.TestPermissionsCatalogue" name="test_system_config_admin_super_admin_only" time="0.002" /><testcase classname="tests.test_retro_wires.TestPermissionsCatalogue" name="test_post_1_7_permission_baseline" time="0.002" /></testsuite></testsuites>