<?xml version="1.0" encoding="utf-8"?><testsuites name="pytest tests"><testsuite name="pytest" errors="0" failures="0" skipped="0" tests="31" time="4.920" timestamp="2026-04-19T21:48:59.297014+00:00" hostname="agent-env-9df81e51-567d-4640-8c45-a1ce8fc91a17"><testcase classname="tests.test_entities_api.TestHealthEndpoint" name="test_health_returns_200" time="0.148" /><testcase classname="tests.test_entities_api.TestMetaEndpoints" name="test_tenant_returns_sy_homes" time="0.181" /><testcase classname="tests.test_entities_api.TestMetaEndpoints" name="test_enums_returns_all_5_enums" time="0.081" /><testcase classname="tests.test_entities_api.TestEntitiesListEndpoint" name="test_list_returns_3_seeded_entities" time="0.072" /><testcase classname="tests.test_entities_api.TestEntitiesListEndpoint" name="test_filter_by_entity_type_parent" time="0.075" /><testcase classname="tests.test_entities_api.TestEntitiesListEndpoint" name="test_filter_by_entity_type_spv" time="0.082" /><testcase classname="tests.test_entities_api.TestEntitiesListEndpoint" name="test_search_by_name" time="0.071" /><testcase classname="tests.test_entities_api.TestEntitiesListEndpoint" name="test_sort_by_name_desc" time="0.071" /><testcase classname="tests.test_entities_api.TestEntitiesListEndpoint" name="test_sort_by_name_asc" time="0.069" /><testcase classname="tests.test_entities_api.TestEntitiesListEndpoint" name="test_invalid_entity_type_filter_returns_400" time="0.070" /><testcase classname="tests.test_entities_api.TestEntityDetailEndpoint" name="test_parent_entity_has_children" time="0.143" /><testcase classname="tests.test_entities_api.TestEntityDetailEndpoint" name="test_child_entity_has_parent" time="0.073" /><testcase classname="tests.test_entities_api.TestEntityDetailEndpoint" name="test_nonexistent_entity_returns_404" time="0.073" /><testcase classname="tests.test_entities_api.TestEntityCreateEndpoint" name="test_create_entity_success" time="0.157" /><testcase classname="tests.test_entities_api.TestEntityCreateEndpoint" name="test_create_entity_with_valid_ch_number" time="0.144" /><testcase classname="tests.test_entities_api.TestEntityCreateEndpoint" name="test_create_entity_with_sc_ch_number" time="0.142" /><testcase classname="tests.test_entities_api.TestEntityCreateEndpoint" name="test_create_entity_invalid_ch_number_rejects_422" time="0.070" /><testcase classname="tests.test_entities_api.TestEntityCreateEndpoint" name="test_create_entity_duplicate_ch_number_rejects_409" time="0.219" /><testcase classname="tests.test_entities_api.TestEntityCreateEndpoint" name="test_create_entity_duplicate_vat_number_rejects_409" time="0.223" /><testcase classname="tests.test_entities_api.TestEntityCreateEndpoint" name="test_create_entity_bank_account_masked" time="0.145" /><testcase classname="tests.test_entities_api.TestEntityUpdateEndpoint" name="test_update_entity_success" time="0.318" /><testcase classname="tests.test_entities_api.TestEntityUpdateEndpoint" name="test_update_entity_self_parent_rejects_400" time="0.218" /><testcase classname="tests.test_entities_api.TestEntityUpdateEndpoint" name="test_update_entity_circular_parent_rejects_400" time="0.367" /><testcase classname="tests.test_entities_api.TestEntityUpdateEndpoint" name="test_update_entity_invalid_year_end_rejects_422" time="0.219" /><testcase classname="tests.test_entities_api.TestEntityDeleteEndpoint" name="test_delete_entity_with_children_rejects_409" time="0.069" /><testcase classname="tests.test_entities_api.TestEntityDeleteEndpoint" name="test_delete_leaf_entity_success" time="0.216" /><testcase classname="tests.test_entities_api.TestStruckOffStatus" name="test_struck_off_hidden_by_default" time="0.291" /><testcase classname="tests.test_entities_api.TestInsuranceAlerts" name="test_insurance_alerts_critical_severity" time="0.206" /><testcase classname="tests.test_entities_api.TestInsuranceAlerts" name="test_insurance_alerts_warning_severity" time="0.206" /><testcase classname="tests.test_entities_api.TestInsuranceAlerts" name="test_insurance_alerts_expired_severity" time="0.218" /><testcase classname="tests.test_entities_api.TestCleanup" name="test_cleanup_test_entities" time="0.160" /></testsuite></testsuites>