<?xml version="1.0" encoding="utf-8"?><testsuites name="pytest tests"><testsuite name="pytest" errors="0" failures="0" skipped="0" tests="21" time="6.176" timestamp="2026-04-19T22:55:03.673382+00:00" hostname="agent-env-9df81e51-567d-4640-8c45-a1ce8fc91a17"><testcase classname="tests.test_mfa_gap_closure" name="test_column_rename_applied" time="0.081" /><testcase classname="tests.test_mfa_gap_closure.TestEnforcedRoleLogin" name="test_director_login_issues_mfa_pending" time="0.233" /><testcase classname="tests.test_mfa_gap_closure.TestEnforcedRoleLogin" name="test_finance_login_issues_mfa_pending" time="0.107" /><testcase classname="tests.test_mfa_gap_closure.TestEnforcedRoleLogin" name="test_super_admin_login_issues_mfa_pending" time="0.100" /><testcase classname="tests.test_mfa_gap_closure.TestEnforcedRoleLogin" name="test_readonly_login_is_normal_access" time="0.104" /><testcase classname="tests.test_mfa_gap_closure.TestEnforcedRoleLogin" name="test_pm_login_is_normal_access" time="0.101" /><testcase classname="tests.test_mfa_gap_closure.TestMfaPendingTokenGating" name="test_me_allowed" time="0.178" /><testcase classname="tests.test_mfa_gap_closure.TestMfaPendingTokenGating" name="test_mfa_enroll_start_allowed" time="0.126" /><testcase classname="tests.test_mfa_gap_closure.TestMfaPendingTokenGating" name="test_entities_blocked" time="0.077" /><testcase classname="tests.test_mfa_gap_closure.TestMfaPendingTokenGating" name="test_users_blocked" time="0.060" /><testcase classname="tests.test_mfa_gap_closure.TestMfaPendingTokenGating" name="test_logout_allowed" time="0.060" /><testcase classname="tests.test_mfa_gap_closure.TestEnforcedEnrolmentHappyPath" name="test_full_flow_login_enrol_access_entities" time="1.795" /><testcase classname="tests.test_mfa_gap_closure.TestMfaDisablePasswordGate" name="test_missing_body_returns_422" time="0.564" /><testcase classname="tests.test_mfa_gap_closure.TestMfaDisablePasswordGate" name="test_wrong_password_returns_400" time="0.095" /><testcase classname="tests.test_mfa_gap_closure.TestMfaDisablePasswordGate" name="test_correct_password_returns_204_and_clears" time="0.100" /><testcase classname="tests.test_mfa_gap_closure.TestRegenerateBackupCodes" name="test_missing_fields_returns_422" time="0.570" /><testcase classname="tests.test_mfa_gap_closure.TestRegenerateBackupCodes" name="test_missing_totp_returns_422" time="0.061" /><testcase classname="tests.test_mfa_gap_closure.TestRegenerateBackupCodes" name="test_wrong_password_returns_400" time="0.107" /><testcase classname="tests.test_mfa_gap_closure.TestRegenerateBackupCodes" name="test_wrong_totp_returns_400" time="0.110" /><testcase classname="tests.test_mfa_gap_closure.TestRegenerateBackupCodes" name="test_valid_returns_10_new_codes" time="1.358" /><testcase classname="tests.test_mfa_gap_closure" name="test_zz_cleanup_reset_users" time="0.008" /></testsuite></testsuites>