<?xml version="1.0" encoding="utf-8"?><testsuites name="pytest tests"><testsuite name="pytest" errors="0" failures="0" skipped="0" tests="93" time="9.376" timestamp="2026-04-23T21:34:06.129694+00:00" hostname="agent-env-9df81e51-567d-4640-8c45-a1ce8fc91a17"><testcase classname="tests.test_projects.TestProjectCode" name="test_auto_code_first_project_uses_slug_prefix" time="0.545" /><testcase classname="tests.test_projects.TestProjectCode" name="test_auto_code_second_project_increments_counter" time="0.052" /><testcase classname="tests.test_projects.TestProjectCode" name="test_auto_code_different_slug_starts_at_001" time="0.052" /><testcase classname="tests.test_projects.TestProjectCode" name="test_auto_code_short_name_is_padded" time="0.053" /><testcase classname="tests.test_projects.TestProjectCode" name="test_auto_code_strips_non_alphanum" time="0.053" /><testcase classname="tests.test_projects.TestProjectCode" name="test_override_valid_format_accepted" time="0.054" /><testcase classname="tests.test_projects.TestProjectCode" name="test_override_bad_format_rejected" time="0.049" /><testcase classname="tests.test_projects.TestProjectCode" name="test_override_too_short_sequence_rejected" time="0.048" /><testcase classname="tests.test_projects.TestProjectCode" name="test_override_duplicate_rejected" time="0.051" /><testcase classname="tests.test_projects.TestProjectCode" name="test_project_code_is_immutable_on_update" time="0.099" /><testcase classname="tests.test_projects.TestAreaConversion" name="test_ha_derives_acres" time="0.053" /><testcase classname="tests.test_projects.TestAreaConversion" name="test_acres_derives_ha" time="0.052" /><testcase classname="tests.test_projects.TestAreaConversion" name="test_ha_wins_when_both_supplied" time="0.053" /><testcase classname="tests.test_projects.TestAreaConversion" name="test_null_areas_remain_null" time="0.053" /><testcase classname="tests.test_projects.TestAreaConversion" name="test_area_updated_on_put" time="0.105" /><testcase classname="tests.test_projects.TestAreaConversion" name="test_round_trip_ha_acres_ha_is_stable" time="0.052" /><testcase classname="tests.test_projects.TestPlanningExpiry" name="test_full_permission_three_year_expiry" time="0.053" /><testcase classname="tests.test_projects.TestPlanningExpiry" name="test_outline_permission_three_year_expiry" time="0.053" /><testcase classname="tests.test_projects.TestPlanningExpiry" name="test_reserved_matters_two_year_expiry" time="0.053" /><testcase classname="tests.test_projects.TestPlanningExpiry" name="test_manual_expiry_override_is_preserved" time="0.053" /><testcase classname="tests.test_projects.TestPlanningExpiry" name="test_no_type_no_expiry" time="0.052" /><testcase classname="tests.test_projects.TestPlanningExpiry" name="test_update_recalculates_expiry_when_approval_changes" time="0.103" /><testcase classname="tests.test_projects.TestPlanningExpiry" name="test_update_manual_override_flagged_in_audit" time="0.104" /><testcase classname="tests.test_projects.TestStageMachine" name="test_new_project_starts_at_lead" time="0.051" /><testcase classname="tests.test_projects.TestStageMachine" name="test_advance_lead_to_appraisal" time="0.103" /><testcase classname="tests.test_projects.TestStageMachine" name="test_cannot_skip_appraisal" time="0.099" /><testcase classname="tests.test_projects.TestStageMachine" name="test_cannot_go_backwards" time="0.153" /><testcase classname="tests.test_projects.TestStageMachine" name="test_dead_from_any_active_stage_is_allowed" time="0.105" /><testcase classname="tests.test_projects.TestStageMachine" name="test_dead_without_reason_fails" time="0.100" /><testcase classname="tests.test_projects.TestStageMachine" name="test_closed_syncs_status_to_complete" time="0.464" /><testcase classname="tests.test_projects.TestStageMachine" name="test_construction_can_branch_to_sales_or_post_completion" time="0.367" /><testcase classname="tests.test_projects.TestStageMachine" name="test_stage_advance_stamps_audit" time="0.104" /><testcase classname="tests.test_projects.TestStageOverride" name="test_director_cannot_override" time="0.449" /><testcase classname="tests.test_projects.TestStageOverride" name="test_admin_override_skips_stages" time="0.060" /><testcase classname="tests.test_projects.TestStageOverride" name="test_override_requires_minimum_reason_length" time="0.098" /><testcase classname="tests.test_projects.TestStageOverride" name="test_override_reactivates_dead_project" time="0.154" /><testcase classname="tests.test_projects.TestStageOverride" name="test_override_to_dead_requires_dead_reason" time="0.100" /><testcase classname="tests.test_projects.TestStageOverride" name="test_override_same_stage_rejected" time="0.102" /><testcase classname="tests.test_projects.TestStageOverride" name="test_override_stamps_audit_with_reason_and_director_notifications" time="0.104" /><testcase classname="tests.test_projects.TestTeamMembers" name="test_add_team_member" time="0.105" /><testcase classname="tests.test_projects.TestTeamMembers" name="test_primary_project_lead_syncs_to_project_lead_user_id" time="0.153" /><testcase classname="tests.test_projects.TestTeamMembers" name="test_cannot_have_two_active_primaries_same_role" time="0.155" /><testcase classname="tests.test_projects.TestTeamMembers" name="test_can_have_multiple_non_primary_same_role" time="0.158" /><testcase classname="tests.test_projects.TestTeamMembers" name="test_invalid_role_rejected" time="0.098" /><testcase classname="tests.test_projects.TestTeamMembers" name="test_unknown_user_rejected" time="0.099" /><testcase classname="tests.test_projects.TestTeamMembers" name="test_list_team_active_only_by_default" time="0.160" /><testcase classname="tests.test_projects.TestTeamMembers" name="test_list_team_history_includes_removed" time="0.160" /><testcase classname="tests.test_projects.TestTeamMembers" name="test_remove_primary_lead_nulls_project_lead" time="0.162" /><testcase classname="tests.test_projects.TestTeamMembers" name="test_remove_idempotent" time="0.120" /><testcase classname="tests.test_projects.TestTeamMembers" name="test_remove_wrong_project_404" time="0.200" /><testcase classname="tests.test_projects.TestTeamMembers" name="test_team_add_records_audit" time="0.103" /><testcase classname="tests.test_projects.TestTeamMembers" name="test_team_remove_records_audit" time="0.112" /><testcase classname="tests.test_projects.TestScoping" name="test_unauthenticated_cannot_list" time="0.002" /><testcase classname="tests.test_projects.TestScoping" name="test_readonly_cannot_create" time="0.092" /><testcase classname="tests.test_projects.TestScoping" name="test_readonly_cannot_delete" time="0.061" /><testcase classname="tests.test_projects.TestScoping" name="test_readonly_cannot_advance_stage" time="0.058" /><testcase classname="tests.test_projects.TestScoping" name="test_readonly_can_view" time="0.062" /><testcase classname="tests.test_projects.TestScoping" name="test_readonly_does_not_see_financials" time="0.061" /><testcase classname="tests.test_projects.TestScoping" name="test_director_sees_financials" time="0.020" /><testcase classname="tests.test_projects.TestScoping" name="test_finance_sees_financials" time="0.448" /><testcase classname="tests.test_projects.TestScoping" name="test_site_manager_cannot_create" time="0.126" /><testcase classname="tests.test_projects.TestScoping" name="test_pagination_works" time="0.165" /><testcase classname="tests.test_projects.TestScoping" name="test_search_by_name" time="0.102" /><testcase classname="tests.test_projects.TestScoping" name="test_filter_by_stage" time="0.154" /><testcase classname="tests.test_projects.TestScoping" name="test_filter_by_entity" time="0.156" /><testcase classname="tests.test_projects.TestDeleteBlocking" name="test_delete_no_dependents_succeeds" time="0.112" /><testcase classname="tests.test_projects.TestDeleteBlocking" name="test_delete_404" time="0.048" /><testcase classname="tests.test_projects.TestDeleteBlocking" name="test_delete_records_audit" time="0.062" /><testcase classname="tests.test_projects.TestUpdateFlow" name="test_update_tracks_audit_diff" time="0.103" /><testcase classname="tests.test_projects.TestUpdateFlow" name="test_update_with_no_changes_does_not_write_audit" time="0.102" /><testcase classname="tests.test_projects.TestServiceHelpers" name="test_validate_code_override_happy" time="0.065" /><testcase classname="tests.test_projects.TestServiceHelpers" name="test_validate_code_override_rejects" time="0.000" /><testcase classname="tests.test_projects.TestServiceHelpers" name="test_reconcile_area_both_prefers_ha" time="0.000" /><testcase classname="tests.test_projects.TestServiceHelpers" name="test_reconcile_area_none_none_returns_none" time="0.000" /><testcase classname="tests.test_projects.TestServiceHelpers" name="test_derive_planning_expiry_full" time="0.000" /><testcase classname="tests.test_projects.TestServiceHelpers" name="test_derive_planning_expiry_reserved_matters" time="0.000" /><testcase classname="tests.test_projects.TestServiceHelpers" name="test_derive_planning_expiry_missing_inputs" time="0.000" /><testcase classname="tests.test_projects.TestServiceHelpers" name="test_is_allowed_forward" time="0.000" /><testcase classname="tests.test_projects.TestPlanningExpirySweep" name="test_sweep_fires_exact_thresholds" time="0.055" /><testcase classname="tests.test_projects.TestPlanningExpirySweep" name="test_sweep_skips_non_thresholds" time="0.056" /><testcase classname="tests.test_projects.TestPlanningExpirySweep" name="test_sweep_fires_daily_past_expiry" time="0.055" /><testcase classname="tests.test_projects.TestPlanningExpirySweep" name="test_sweep_skips_non_active_projects" time="0.107" /><testcase classname="tests.test_projects.TestPlanningExpirySweep" name="test_sweep_skips_started_projects" time="0.107" /><testcase classname="tests.test_projects.TestFinancialsRefresh" name="test_refresh_returns_zero_rollups" time="0.100" /><testcase classname="tests.test_projects.TestFinancialsRefresh" name="test_refresh_requires_view_sensitive" time="0.058" /><testcase classname="tests.test_projects.TestFinancialsRefresh" name="test_refresh_stamps_financials_refreshed_at" time="0.148" /><testcase classname="tests.test_projects.TestRetroFKs" name="test_user_role_projects_fk_exists" time="0.004" /><testcase classname="tests.test_projects.TestRetroFKs" name="test_audit_log_project_id_fk_exists" time="0.002" /><testcase classname="tests.test_projects.TestRetroFKs" name="test_project_audit_row_set_null_on_delete" time="0.061" /><testcase classname="tests.test_projects.TestLookup" name="test_get_404" time="0.046" /><testcase classname="tests.test_projects.TestLookup" name="test_put_404" time="0.049" /><testcase classname="tests.test_projects.TestLookup" name="test_team_add_404" time="0.051" /><testcase classname="tests.test_projects.TestLookup" name="test_stage_advance_404" time="0.053" /></testsuite></testsuites>