<?xml version="1.0" encoding="utf-8"?><testsuites name="pytest tests"><testsuite name="pytest" errors="0" failures="1" skipped="1" tests="46" time="6.039" timestamp="2026-04-19T22:11:30.006387+00:00" hostname="agent-env-9df81e51-567d-4640-8c45-a1ce8fc91a17"><testcase classname="tests.test_mfa.TestMfaEnrollmentRequired" name="test_super_admin_mfa_enrollment_required_true" time="0.233" /><testcase classname="tests.test_mfa.TestMfaEnrollmentRequired" name="test_director_mfa_enrollment_required_true" time="0.151" /><testcase classname="tests.test_mfa.TestMfaEnrollmentRequired" name="test_finance_mfa_enrollment_required_true" time="0.169" /><testcase classname="tests.test_mfa.TestMfaEnrollmentFlow" name="test_mfa_enroll_start_returns_secret_and_qr" time="0.068" /><testcase classname="tests.test_mfa.TestMfaEnrollmentFlow" name="test_mfa_enroll_confirm_with_valid_totp" time="0.368" /><testcase classname="tests.test_mfa.TestMfaEnrollmentFlow" name="test_mfa_enroll_confirm_with_invalid_totp_returns_400" time="0.118" /><testcase classname="tests.test_mfa.TestMfaVerification" name="test_mfa_login_flow_with_totp" time="0.094"><skipped type="pytest.skip" message="MFA already enabled but secret not available for verification">/app/backend/tests/test_mfa.py:206: MFA already enabled but secret not available for verification</skipped></testcase><testcase classname="tests.test_mfa.TestBackupCodes" name="test_regenerate_backup_codes_requires_mfa_enabled" time="0.141" /><testcase classname="tests.test_mfa.TestBackupCodes" name="test_regenerate_backup_codes_returns_10_new_codes" time="0.361" /><testcase classname="tests.test_mfa.TestMfaDisable" name="test_mfa_disable_clears_mfa_state" time="0.156" /><testcase classname="tests.test_mfa.TestPasswordChange" name="test_password_change_wrong_current_returns_400" time="0.090" /><testcase classname="tests.test_mfa.TestPasswordChange" name="test_password_change_reuse_returns_400" time="0.130"><failure message="assert 204 == 400&#10; +  where 204 = &lt;Response [204]&gt;.status_code">tests/test_mfa.py:381: in test_password_change_reuse_returns_400
    assert response.status_code == 400
E   assert 204 == 400
E    +  where 204 = &lt;Response [204]&gt;.status_code</failure></testcase><testcase classname="tests.test_mfa.TestLogout" name="test_logout_returns_204" time="0.049" /><testcase classname="tests.test_mfa.TestCleanup" name="test_cleanup_disable_mfa_test_admin" time="0.140" /><testcase classname="tests.test_auth_rbac.TestAuthLogin" name="test_login_super_admin_success" time="0.177" /><testcase classname="tests.test_auth_rbac.TestAuthLogin" name="test_login_test_admin_success" time="0.100" /><testcase classname="tests.test_auth_rbac.TestAuthLogin" name="test_login_invalid_password_returns_401" time="0.105" /><testcase classname="tests.test_auth_rbac.TestAuthLogin" name="test_login_archived_user_returns_403" time="0.068" /><testcase classname="tests.test_auth_rbac.TestAuthLogin" name="test_login_nonexistent_user_returns_401" time="0.113" /><testcase classname="tests.test_auth_rbac.TestAuthMe" name="test_me_super_admin_returns_87_permissions" time="0.162" /><testcase classname="tests.test_auth_rbac.TestAuthMe" name="test_me_unauthenticated_returns_401" time="0.111" /><testcase classname="tests.test_auth_rbac.TestAuthUnauthenticated" name="test_entities_unauthenticated_returns_401" time="0.112" /><testcase classname="tests.test_auth_rbac.TestAuthUnauthenticated" name="test_users_unauthenticated_returns_401" time="0.131" /><testcase classname="tests.test_auth_rbac.TestAuthUnauthenticated" name="test_roles_unauthenticated_returns_401" time="0.125" /><testcase classname="tests.test_auth_rbac.TestRoles" name="test_roles_returns_10_seeded_roles" time="0.070" /><testcase classname="tests.test_auth_rbac.TestPermissions" name="test_permissions_returns_87_permissions" time="0.066" /><testcase classname="tests.test_auth_rbac.TestUsers" name="test_list_users_with_super_admin" time="0.064" /><testcase classname="tests.test_auth_rbac.TestUsers" name="test_get_user_detail" time="0.135" /><testcase classname="tests.test_auth_rbac.TestUsers" name="test_invite_user_returns_invitation_token" time="0.115" /><testcase classname="tests.test_auth_rbac.TestUsers" name="test_readonly_cannot_create_user" time="0.189" /><testcase classname="tests.test_auth_rbac.TestEntityScope" name="test_pm_sees_only_shrewsbury_entity" time="0.235" /><testcase classname="tests.test_auth_rbac.TestEntityScope" name="test_pm_cannot_access_non_shrewsbury_entity" time="0.058" /><testcase classname="tests.test_auth_rbac.TestEntityScope" name="test_director_sees_all_entities" time="0.167" /><testcase classname="tests.test_auth_rbac.TestEntityScope" name="test_readonly_sees_all_entities" time="0.060" /><testcase classname="tests.test_auth_rbac.TestEntityScope" name="test_readonly_cannot_create_entity" time="0.062" /><testcase classname="tests.test_auth_rbac.TestSensitiveFields" name="test_readonly_cannot_see_sensitive_fields" time="0.060" /><testcase classname="tests.test_auth_rbac.TestSensitiveFields" name="test_finance_can_see_sensitive_fields" time="0.168" /><testcase classname="tests.test_auth_rbac.TestEntitiesWithAuth" name="test_list_entities_authenticated" time="0.060" /><testcase classname="tests.test_auth_rbac.TestEntitiesWithAuth" name="test_create_entity_stores_created_by_user_id" time="0.124" /><testcase classname="tests.test_auth_rbac.TestEntitiesWithAuth" name="test_filter_by_entity_type" time="0.060" /><testcase classname="tests.test_auth_rbac.TestEntitiesWithAuth" name="test_search_entities" time="0.081" /><testcase classname="tests.test_auth_rbac.TestRoleAssignment" name="test_assign_role_with_entity_scope" time="0.298" /><testcase classname="tests.test_auth_rbac.TestUnlock" name="test_super_admin_can_unlock_user" time="0.135" /><testcase classname="tests.test_auth_rbac.TestHealth" name="test_health_returns_phase_1_2" time="0.056" /><testcase classname="tests.test_auth_rbac.TestCleanup" name="test_cleanup_test_entities" time="0.065" /><testcase classname="tests.test_auth_rbac.TestCleanup" name="test_cleanup_test_users" time="0.123" /></testsuite></testsuites>