<?xml version="1.0" encoding="utf-8"?><testsuites name="pytest tests"><testsuite name="pytest" errors="0" failures="0" skipped="0" tests="457" time="60.944" timestamp="2026-04-26T20:24:07.931835+00:00" hostname="agent-env-9df81e51-567d-4640-8c45-a1ce8fc91a17"><testcase classname="tests.test_audit_log.TestAppendOnlyTrigger" name="test_direct_update_blocked" time="0.020" /><testcase classname="tests.test_audit_log.TestAppendOnlyTrigger" name="test_direct_delete_blocked" time="0.002" /><testcase classname="tests.test_audit_log.TestAppendOnlyTrigger" name="test_indexes_exist" time="0.002" /><testcase classname="tests.test_audit_log.TestAppendOnlyTrigger" name="test_fk_set_null_on_entity_delete" time="0.728" /><testcase classname="tests.test_audit_log.TestFieldDiffHelper" name="test_only_changed_fields_included" time="0.129" /><testcase classname="tests.test_audit_log.TestFieldDiffHelper" name="test_removed_key_shows_new_none" time="0.000" /><testcase classname="tests.test_audit_log.TestFieldDiffHelper" name="test_unchanged_returns_empty" time="0.000" /><testcase classname="tests.test_audit_log.TestFieldDiffHelper" name="test_uuid_values_serialised" time="0.000" /><testcase classname="tests.test_audit_log.TestSensitiveRedaction" name="test_password_hash_redacted_on_record" time="0.033" /><testcase classname="tests.test_audit_log.TestSensitiveRedaction" name="test_all_sensitive_fields_listed" time="0.000" /><testcase classname="tests.test_audit_log.TestStampSelfApproval" name="test_none_submitter_passes_through" time="0.000" /><testcase classname="tests.test_audit_log.TestStampSelfApproval" name="test_match_adds_flag" time="0.000" /><testcase classname="tests.test_audit_log.TestStampSelfApproval" name="test_mismatch_passes_through" time="0.000" /><testcase classname="tests.test_audit_log.TestStampSelfApproval" name="test_input_not_mutated" time="0.000" /><testcase classname="tests.test_audit_log.TestAuditWriteFailureDoesNotPropagate" name="test_invalid_action_returns_none" time="0.001" /><testcase classname="tests.test_audit_log.TestAuditWriteFailureDoesNotPropagate" name="test_broken_db_session_returns_none" time="0.001" /><testcase classname="tests.test_audit_log.TestImpersonationAuditStamping" name="test_record_audit_carries_impersonator_from_request_state" time="0.005" /><testcase classname="tests.test_audit_log.TestImpersonationAuditStamping" name="test_explicit_impersonator_respected" time="0.004" /><testcase classname="tests.test_audit_log.TestEntityWritesAreAudited" name="test_create_entity_writes_audit" time="0.132" /><testcase classname="tests.test_audit_log.TestEntityWritesAreAudited" name="test_update_entity_records_only_changed_fields" time="0.186" /><testcase classname="tests.test_audit_log.TestEntityWritesAreAudited" name="test_delete_entity_writes_delete_audit" time="0.198" /><testcase classname="tests.test_audit_log.TestUserWritesAreAudited" name="test_update_user_records_diff_and_metadata" time="0.207" /><testcase classname="tests.test_audit_log.TestUserWritesAreAudited" name="test_admin_unlock_writes_status_change" time="0.691" /><testcase classname="tests.test_audit_log.TestPasswordAudits" name="test_password_change_redacted" time="0.488" /><testcase classname="tests.test_audit_log.TestLoginLogoutAudits" name="test_login_success_writes_audit_login" time="0.241" /><testcase classname="tests.test_audit_log.TestLoginLogoutAudits" name="test_refresh_does_not_write_audit_row" time="0.217" /><testcase classname="tests.test_audit_log.TestLoginLogoutAudits" name="test_logout_writes_audit_logout" time="0.202" /><testcase classname="tests.test_audit_log.TestSessionRevokeAudits" name="test_self_revoke_writes_delete" time="0.444" /><testcase classname="tests.test_audit_log.TestMfaAudits" name="test_enrol_writes_update_with_action_enrol" time="0.567" /><testcase classname="tests.test_audit_log.TestListEndpoint" name="test_super_admin_list_returns_rows" time="0.205" /><testcase classname="tests.test_audit_log.TestListEndpoint" name="test_filter_by_action" time="0.064" /><testcase classname="tests.test_audit_log.TestListEndpoint" name="test_filter_by_resource" time="0.072" /><testcase classname="tests.test_audit_log.TestListEndpoint" name="test_non_admin_forbidden" time="0.055" /><testcase classname="tests.test_audit_log.TestListEndpoint" name="test_detail_endpoint" time="0.129" /><testcase classname="tests.test_audit_log.TestCsvJsonExport" name="test_csv_export_shape" time="0.302" /><testcase classname="tests.test_audit_log.TestCsvJsonExport" name="test_json_export_shape" time="0.356" /><testcase classname="tests.test_audit_log.TestCsvJsonExport" name="test_export_requires_audit_export_perm" time="0.056" /><testcase classname="tests.test_audit_log.TestRetentionPurge" name="test_disabled_by_default" time="0.001" /><testcase classname="tests.test_audit_log.TestRetentionPurge" name="test_enabled_but_empty_allow_list" time="0.000" /><testcase classname="tests.test_audit_log.TestRetentionPurge" name="test_rows_under_7_years_never_purged" time="0.005" /><testcase classname="tests.test_audit_log.TestRetentionPurge" name="test_dry_run_logs_but_does_not_delete" time="0.006" /><testcase classname="tests.test_audit_log.TestRetentionPurge" name="test_resource_type_outside_allow_list_untouched" time="0.006" /><testcase classname="tests.test_audit_remediation.TestPatch1_MfaEnforcementHonoursRoleExpiry" name="test_expired_user_role_does_not_trigger_enforcement" time="0.201" /><testcase classname="tests.test_audit_remediation.TestPatch1_MfaEnforcementHonoursRoleExpiry" name="test_active_nonexpired_role_still_enforces" time="0.150" /><testcase classname="tests.test_audit_remediation.TestPatch2_CorsStartupGuard" name="test_wildcard_raises_runtime_error" time="0.323" /><testcase classname="tests.test_audit_remediation.TestPatch2_CorsStartupGuard" name="test_empty_raises_runtime_error" time="0.000" /><testcase classname="tests.test_audit_remediation.TestPatch2_CorsStartupGuard" name="test_star_amongst_others_still_raises" time="0.000" /><testcase classname="tests.test_audit_remediation.TestPatch2_CorsStartupGuard" name="test_explicit_origins_list_accepted" time="0.000" /><testcase classname="tests.test_audit_remediation.TestPatch3_RateLimitBypassHardening" name="test_disabled_flag_alone_is_refused" time="0.001" /><testcase classname="tests.test_audit_remediation.TestPatch3_RateLimitBypassHardening" name="test_disabled_flag_without_app_env_is_refused" time="0.001" /><testcase classname="tests.test_audit_remediation.TestPatch3_RateLimitBypassHardening" name="test_both_flags_required_for_bypass" time="0.001" /><testcase classname="tests.test_audit_remediation.TestPatch3_RateLimitBypassHardening" name="test_disabled_flag_off_is_always_refused" time="0.001" /><testcase classname="tests.test_audit_remediation.TestPatch4_CookiesOnlyTransport" name="test_login_sets_cookies_no_body_tokens" time="0.152" /><testcase classname="tests.test_audit_remediation.TestPatch4_CookiesOnlyTransport" name="test_refresh_returns_204_and_rotates_cookie" time="0.209" /><testcase classname="tests.test_audit_remediation.TestPatch4_CookiesOnlyTransport" name="test_logout_clears_cookies" time="0.216" /><testcase classname="tests.test_audit_remediation.TestPatch4_CookiesOnlyTransport" name="test_bearer_header_not_accepted" time="0.258" /><testcase classname="tests.test_audit_remediation.TestResidual_RefreshNoCookie401NotAttributeError" name="test_missing_refresh_cookie_returns_401" time="0.179" /><testcase classname="tests.test_audit_remediation.TestResidual_RefreshNoCookie401NotAttributeError" name="test_missing_refresh_cookie_with_body_still_401" time="0.110" /><testcase classname="tests.test_audit_remediation.TestResidual_EnrollConfirmBodyHasNoTokens" name="test_enroll_confirm_body_shape" time="0.529" /><testcase classname="tests.test_audit_remediation.TestResidual_LoginBodyHasNoMfaPendingToken" name="test_login_body_omits_mfa_pending_token_field" time="0.149" /><testcase classname="tests.test_audit_remediation.TestResidual_LoginBodyHasNoMfaPendingToken" name="test_openapi_schema_excludes_mfa_pending_token" time="0.006" /><testcase classname="tests.test_audit_remediation_patch_2" name="test_user_invite_writes_audit_row" time="0.492" /><testcase classname="tests.test_audit_remediation_patch_2" name="test_user_invite_audit_row_carries_request_metadata" time="0.091" /><testcase classname="tests.test_audit_remediation_patch_2" name="test_pii_scrub_writes_audit_row_with_scrubbed_markers" time="0.104" /><testcase classname="tests.test_audit_remediation_patch_2" name="test_pii_scrub_actually_scrubs_the_user_row" time="0.101" /><testcase classname="tests.test_audit_remediation_patch_2" name="test_entity_bank_fields_redacted_in_audit_diff" time="0.105" /><testcase classname="tests.test_audit_remediation_patch_2" name="test_sensitive_fields_set_includes_banking_and_utr" time="0.000" /><testcase classname="tests.test_audit_remediation_patch_2" name="test_pyproject_pytest_config" time="0.004" /><testcase classname="tests.test_auth_rbac.TestAuthLogin" name="test_login_super_admin_success" time="0.149" /><testcase classname="tests.test_auth_rbac.TestAuthLogin" name="test_login_test_admin_cookie_contract" time="0.206" /><testcase classname="tests.test_auth_rbac.TestAuthLogin" name="test_login_invalid_password_returns_401" time="0.089" /><testcase classname="tests.test_auth_rbac.TestAuthLogin" name="test_login_archived_user_returns_403" time="0.055" /><testcase classname="tests.test_auth_rbac.TestAuthLogin" name="test_login_nonexistent_user_returns_401" time="0.090" /><testcase classname="tests.test_auth_rbac.TestAuthMe" name="test_me_super_admin_returns_87_permissions" time="0.251" /><testcase classname="tests.test_auth_rbac.TestAuthMe" name="test_me_unauthenticated_returns_401" time="0.132" /><testcase classname="tests.test_auth_rbac.TestAuthUnauthenticated" name="test_entities_unauthenticated_returns_401" time="0.104" /><testcase classname="tests.test_auth_rbac.TestAuthUnauthenticated" name="test_users_unauthenticated_returns_401" time="0.099" /><testcase classname="tests.test_auth_rbac.TestAuthUnauthenticated" name="test_roles_unauthenticated_returns_401" time="0.116" /><testcase classname="tests.test_auth_rbac.TestRoles" name="test_roles_returns_10_seeded_roles" time="0.065" /><testcase classname="tests.test_auth_rbac.TestSeedRbacRoleGrants" name="test_seed_rbac_grants_cost_codes_view_to_project_manager" time="0.000" /><testcase classname="tests.test_auth_rbac.TestSeedRbacRoleGrants" name="test_seed_rbac_grants_cost_codes_view_to_finance" time="0.000" /><testcase classname="tests.test_auth_rbac.TestSeedRbacRoleGrants" name="test_seed_rbac_grants_cost_codes_admin_to_finance" time="0.000" /><testcase classname="tests.test_auth_rbac.TestSeedRbacRoleGrants" name="test_seed_rbac_grants_cost_codes_view_to_site_manager" time="0.000" /><testcase classname="tests.test_auth_rbac.TestSeedRbacRoleGrants" name="test_seed_rbac_grants_cost_codes_view_to_sales" time="0.000" /><testcase classname="tests.test_auth_rbac.TestSeedRbacRoleGrants" name="test_seed_rbac_grants_cost_codes_view_to_read_only" time="0.000" /><testcase classname="tests.test_auth_rbac.TestSeedRbacRoleGrants" name="test_seed_rbac_grants_cost_codes_view_to_investor_read_only" time="0.000" /><testcase classname="tests.test_auth_rbac.TestSeedRbacRoleGrants" name="test_seed_rbac_grants_cost_codes_view_to_consultant_portal" time="0.000" /><testcase classname="tests.test_auth_rbac.TestPermissions" name="test_permissions_returns_87_permissions" time="0.051" /><testcase classname="tests.test_auth_rbac.TestUsers" name="test_list_users_with_super_admin" time="0.064" /><testcase classname="tests.test_auth_rbac.TestUsers" name="test_get_user_detail" time="0.123" /><testcase classname="tests.test_auth_rbac.TestUsers" name="test_invite_user_returns_invitation_token" time="0.094" /><testcase classname="tests.test_auth_rbac.TestUsers" name="test_readonly_cannot_create_user" time="0.214" /><testcase classname="tests.test_auth_rbac.TestEntityScope" name="test_pm_sees_only_shrewsbury_entity" time="0.259" /><testcase classname="tests.test_auth_rbac.TestEntityScope" name="test_pm_cannot_access_non_shrewsbury_entity" time="0.058" /><testcase classname="tests.test_auth_rbac.TestEntityScope" name="test_director_sees_all_entities" time="0.556" /><testcase classname="tests.test_auth_rbac.TestEntityScope" name="test_readonly_sees_all_entities" time="0.050" /><testcase classname="tests.test_auth_rbac.TestEntityScope" name="test_readonly_cannot_create_entity" time="0.049" /><testcase classname="tests.test_auth_rbac.TestSensitiveFields" name="test_readonly_cannot_see_sensitive_fields" time="0.052" /><testcase classname="tests.test_auth_rbac.TestSensitiveFields" name="test_finance_can_see_sensitive_fields" time="0.565" /><testcase classname="tests.test_auth_rbac.TestEntitiesWithAuth" name="test_list_entities_authenticated" time="0.053" /><testcase classname="tests.test_auth_rbac.TestEntitiesWithAuth" name="test_create_entity_stores_created_by_user_id" time="0.109" /><testcase classname="tests.test_auth_rbac.TestEntitiesWithAuth" name="test_filter_by_entity_type" time="0.054" /><testcase classname="tests.test_auth_rbac.TestEntitiesWithAuth" name="test_search_entities" time="0.057" /><testcase classname="tests.test_auth_rbac.TestRoleAssignment" name="test_assign_role_with_entity_scope" time="0.243" /><testcase classname="tests.test_auth_rbac.TestUnlock" name="test_super_admin_can_unlock_user" time="0.609" /><testcase classname="tests.test_auth_rbac.TestHealth" name="test_health_returns_phase_1_2" time="0.055" /><testcase classname="tests.test_auth_rbac.TestCleanup" name="test_cleanup_test_entities" time="0.055" /><testcase classname="tests.test_auth_rbac.TestCleanup" name="test_cleanup_test_users" time="0.730" /><testcase classname="tests.test_cost_codes.TestSchema" name="test_all_5_tables_exist" time="0.016" /><testcase classname="tests.test_cost_codes.TestSchema" name="test_cost_codes_unique_code" time="0.002" /><testcase classname="tests.test_cost_codes.TestSchema" name="test_cost_codes_unique_prefix_sequence" time="0.001" /><testcase classname="tests.test_cost_codes.TestSchema" name="test_project_cost_codes_unique" time="0.001" /><testcase classname="tests.test_cost_codes.TestSchema" name="test_cost_code_entity_mapping_unique" time="0.001" /><testcase classname="tests.test_cost_codes.TestSchema" name="test_default_entity_enum_values" time="0.001" /><testcase classname="tests.test_cost_codes.TestSchema" name="test_p_and_l_enum_values" time="0.001" /><testcase classname="tests.test_cost_codes.TestSchema" name="test_vat_treatment_enum_values" time="0.001" /><testcase classname="tests.test_cost_codes.TestSchema" name="test_updated_at_trigger_fires" time="0.003" /><testcase classname="tests.test_cost_codes.TestSchema" name="test_no_delete_endpoint_exists_for_cost_codes" time="0.434" /><testcase classname="tests.test_cost_codes.TestSeed" name="test_nine_sections" time="0.053" /><testcase classname="tests.test_cost_codes.TestSeed" name="test_section_p_and_l_categories" time="0.053" /><testcase classname="tests.test_cost_codes.TestSeed" name="test_133_total_cost_codes" time="0.002" /><testcase classname="tests.test_cost_codes.TestSeed" name="test_per_prefix_counts" time="0.004" /><testcase classname="tests.test_cost_codes.TestSeed" name="test_acq_01_metadata" time="0.051" /><testcase classname="tests.test_cost_codes.TestSeed" name="test_sub_01_is_cis" time="0.049" /><testcase classname="tests.test_cost_codes.TestSeed" name="test_ohd_01_not_capitalisable" time="0.051" /><testcase classname="tests.test_cost_codes.TestSeed" name="test_buildertrend_category_populated" time="0.001" /><testcase classname="tests.test_cost_codes.TestSeed" name="test_subcategories_table_empty" time="0.001" /><testcase classname="tests.test_cost_codes.TestSeed" name="test_entity_mapping_table_empty_post_seed" time="0.001" /><testcase classname="tests.test_cost_codes.TestSeed" name="test_cost_codes_permissions_seeded" time="0.002" /><testcase classname="tests.test_cost_codes.TestPermissions" name="test_unauthenticated_cannot_list_codes" time="0.003" /><testcase classname="tests.test_cost_codes.TestPermissions" name="test_readonly_can_view_codes" time="0.059" /><testcase classname="tests.test_cost_codes.TestPermissions" name="test_readonly_cannot_create" time="0.048" /><testcase classname="tests.test_cost_codes.TestPermissions" name="test_readonly_cannot_retire" time="0.008" /><testcase classname="tests.test_cost_codes.TestPermissions" name="test_pm_cannot_admin_codes" time="0.097" /><testcase classname="tests.test_cost_codes.TestPermissions" name="test_finance_can_admin" time="0.462" /><testcase classname="tests.test_cost_codes.TestPermissions" name="test_pm_can_view_project_cost_codes" time="0.033" /><testcase classname="tests.test_cost_codes.TestPermissions" name="test_readonly_cannot_toggle_project_cost_code" time="0.073" /><testcase classname="tests.test_cost_codes.TestCRUD" name="test_get_section_list" time="0.052" /><testcase classname="tests.test_cost_codes.TestCRUD" name="test_filter_by_section" time="0.012" /><testcase classname="tests.test_cost_codes.TestCRUD" name="test_filter_by_status" time="0.012" /><testcase classname="tests.test_cost_codes.TestCRUD" name="test_search_by_q" time="0.048" /><testcase classname="tests.test_cost_codes.TestCRUD" name="test_get_single_cost_code" time="0.049" /><testcase classname="tests.test_cost_codes.TestCRUD" name="test_get_unknown_404" time="0.048" /><testcase classname="tests.test_cost_codes.TestCRUD" name="test_create_then_get" time="0.113" /><testcase classname="tests.test_cost_codes.TestCRUD" name="test_patch_unlocked_field" time="0.117" /><testcase classname="tests.test_cost_codes.TestCRUD" name="test_subcategory_create_and_list" time="0.166" /><testcase classname="tests.test_cost_codes.TestCRUD" name="test_subcategory_format_validation" time="0.123" /><testcase classname="tests.test_cost_codes.TestCRUD" name="test_subcategory_patch" time="0.176" /><testcase classname="tests.test_cost_codes.TestCRUD" name="test_entity_mapping_crud" time="0.235" /><testcase classname="tests.test_cost_codes.TestCRUD" name="test_entity_mapping_unknown_code_404" time="0.048" /><testcase classname="tests.test_cost_codes.TestCRUD" name="test_create_bad_code_format" time="0.050" /><testcase classname="tests.test_cost_codes.TestCRUD" name="test_create_duplicate" time="0.049" /><testcase classname="tests.test_cost_codes.TestRetirement" name="test_retire_no_replacement" time="0.116" /><testcase classname="tests.test_cost_codes.TestRetirement" name="test_retire_already_retired_blocked" time="0.178" /><testcase classname="tests.test_cost_codes.TestRetirement" name="test_retire_with_valid_replacement" time="0.118" /><testcase classname="tests.test_cost_codes.TestRetirement" name="test_retire_self_replacement_rejected" time="0.115" /><testcase classname="tests.test_cost_codes.TestRetirement" name="test_retire_unknown_replacement_404" time="0.104" /><testcase classname="tests.test_cost_codes.TestRetirement" name="test_retire_replacement_must_be_active" time="0.215" /><testcase classname="tests.test_cost_codes.TestRetirement" name="test_retire_cycle_detection" time="0.228" /><testcase classname="tests.test_cost_codes.TestImmutability" name="test_locked_field_rejected_when_in_use" time="0.112" /><testcase classname="tests.test_cost_codes.TestImmutability" name="test_unlocked_field_allowed_when_in_use" time="0.051" /><testcase classname="tests.test_cost_codes.TestImmutability" name="test_locked_field_allowed_when_NOT_in_use" time="0.108" /><testcase classname="tests.test_cost_codes.TestEntityResolution" name="test_explicit_allow_with_override" time="0.109" /><testcase classname="tests.test_cost_codes.TestEntityResolution" name="test_explicit_deny" time="0.109" /><testcase classname="tests.test_cost_codes.TestEntityResolution" name="test_no_row_spv_default_routing" time="0.049" /><testcase classname="tests.test_cost_codes.TestEntityResolution" name="test_no_row_jv_vehicle_returns_false" time="0.054" /><testcase classname="tests.test_cost_codes.TestProjectAutoPopulate" name="test_dev_build_enables_all" time="0.108" /><testcase classname="tests.test_cost_codes.TestProjectAutoPopulate" name="test_pure_dev_disables_construction" time="0.109" /><testcase classname="tests.test_cost_codes.TestProjectAutoPopulate" name="test_db_contract_disables_sal" time="0.110" /><testcase classname="tests.test_cost_codes.TestProjectAutoPopulate" name="test_jv_enables_all" time="0.110" /><testcase classname="tests.test_cost_codes.TestProjectToggle" name="test_disable_then_enable" time="0.162" /><testcase classname="tests.test_cost_codes.TestProjectToggle" name="test_cannot_enable_retired_code" time="0.275" /><testcase classname="tests.test_cost_codes.TestProjectToggle" name="test_bulk_toggle_section" time="0.169" /><testcase classname="tests.test_cost_codes.TestProjectToggle" name="test_bulk_toggle_unknown_section_404" time="0.107" /><testcase classname="tests.test_cost_codes.TestAudit" name="test_create_writes_audit" time="0.056" /><testcase classname="tests.test_cost_codes.TestAudit" name="test_update_writes_audit_with_diff" time="0.108" /><testcase classname="tests.test_cost_codes.TestAudit" name="test_retire_writes_audit" time="0.124" /><testcase classname="tests.test_cost_codes.TestAudit" name="test_auto_populate_emits_one_summary_audit" time="0.064" /><testcase classname="tests.test_cost_codes.TestAudit" name="test_bulk_toggle_emits_one_audit" time="0.115" /><testcase classname="tests.test_cost_codes.TestAudit" name="test_section_update_audited" time="0.156" /><testcase classname="tests.test_cost_codes.TestAudit" name="test_entity_mapping_create_audited" time="0.064" /><testcase classname="tests.test_entities_api.TestHealthEndpoint" name="test_health_returns_200" time="0.156" /><testcase classname="tests.test_entities_api.TestMetaEndpoints" name="test_tenant_returns_sy_homes" time="0.248" /><testcase classname="tests.test_entities_api.TestMetaEndpoints" name="test_enums_returns_all_5_enums" time="0.047" /><testcase classname="tests.test_entities_api.TestEntitiesListEndpoint" name="test_list_returns_3_seeded_entities" time="0.052" /><testcase classname="tests.test_entities_api.TestEntitiesListEndpoint" name="test_filter_by_entity_type_parent" time="0.053" /><testcase classname="tests.test_entities_api.TestEntitiesListEndpoint" name="test_filter_by_entity_type_spv" time="0.053" /><testcase classname="tests.test_entities_api.TestEntitiesListEndpoint" name="test_search_by_name" time="0.054" /><testcase classname="tests.test_entities_api.TestEntitiesListEndpoint" name="test_sort_by_name_desc" time="0.053" /><testcase classname="tests.test_entities_api.TestEntitiesListEndpoint" name="test_sort_by_name_asc" time="0.053" /><testcase classname="tests.test_entities_api.TestEntitiesListEndpoint" name="test_invalid_entity_type_filter_returns_400" time="0.052" /><testcase classname="tests.test_entities_api.TestEntityDetailEndpoint" name="test_parent_entity_has_children" time="0.105" /><testcase classname="tests.test_entities_api.TestEntityDetailEndpoint" name="test_child_entity_has_parent" time="0.053" /><testcase classname="tests.test_entities_api.TestEntityDetailEndpoint" name="test_nonexistent_entity_returns_404" time="0.052" /><testcase classname="tests.test_entities_api.TestEntityCreateEndpoint" name="test_create_entity_success" time="0.112" /><testcase classname="tests.test_entities_api.TestEntityCreateEndpoint" name="test_create_entity_with_valid_ch_number" time="0.123" /><testcase classname="tests.test_entities_api.TestEntityCreateEndpoint" name="test_create_entity_with_sc_ch_number" time="0.113" /><testcase classname="tests.test_entities_api.TestEntityCreateEndpoint" name="test_create_entity_invalid_ch_number_rejects_422" time="0.053" /><testcase classname="tests.test_entities_api.TestEntityCreateEndpoint" name="test_create_entity_duplicate_ch_number_rejects_409" time="0.174" /><testcase classname="tests.test_entities_api.TestEntityCreateEndpoint" name="test_create_entity_duplicate_vat_number_rejects_409" time="0.169" /><testcase classname="tests.test_entities_api.TestEntityCreateEndpoint" name="test_create_entity_bank_account_masked" time="0.113" /><testcase classname="tests.test_entities_api.TestEntityUpdateEndpoint" name="test_update_entity_success" time="0.269" /><testcase classname="tests.test_entities_api.TestEntityUpdateEndpoint" name="test_update_entity_self_parent_rejects_400" time="0.170" /><testcase classname="tests.test_entities_api.TestEntityUpdateEndpoint" name="test_update_entity_circular_parent_rejects_400" time="0.284" /><testcase classname="tests.test_entities_api.TestEntityUpdateEndpoint" name="test_update_entity_invalid_year_end_rejects_422" time="0.164" /><testcase classname="tests.test_entities_api.TestEntityDeleteEndpoint" name="test_delete_entity_with_children_rejects_409" time="0.053" /><testcase classname="tests.test_entities_api.TestEntityDeleteEndpoint" name="test_delete_leaf_entity_success" time="0.165" /><testcase classname="tests.test_entities_api.TestStruckOffStatus" name="test_struck_off_hidden_by_default" time="0.226" /><testcase classname="tests.test_entities_api.TestInsuranceAlerts" name="test_insurance_alerts_critical_severity" time="0.160" /><testcase classname="tests.test_entities_api.TestInsuranceAlerts" name="test_insurance_alerts_warning_severity" time="0.165" /><testcase classname="tests.test_entities_api.TestInsuranceAlerts" name="test_insurance_alerts_expired_severity" time="0.159" /><testcase classname="tests.test_entities_api.TestCleanup" name="test_cleanup_test_entities" time="0.111" /><testcase classname="tests.test_insurance_alerts" name="test_sweep_fires_at_exact_threshold[60-60_day]" time="0.019" /><testcase classname="tests.test_insurance_alerts" name="test_sweep_fires_at_exact_threshold[30-30_day]" time="0.008" /><testcase classname="tests.test_insurance_alerts" name="test_sweep_fires_at_exact_threshold[14-14_day]" time="0.007" /><testcase classname="tests.test_insurance_alerts" name="test_sweep_fires_at_exact_threshold[7-7_day]" time="0.007" /><testcase classname="tests.test_insurance_alerts" name="test_sweep_fires_at_exact_threshold[0-0_day]" time="0.008" /><testcase classname="tests.test_insurance_alerts" name="test_sweep_does_not_fire_off_threshold[59]" time="0.007" /><testcase classname="tests.test_insurance_alerts" name="test_sweep_does_not_fire_off_threshold[61]" time="0.007" /><testcase classname="tests.test_insurance_alerts" name="test_sweep_does_not_fire_off_threshold[45]" time="0.006" /><testcase classname="tests.test_insurance_alerts" name="test_sweep_does_not_fire_off_threshold[31]" time="0.006" /><testcase classname="tests.test_insurance_alerts" name="test_sweep_does_not_fire_off_threshold[29]" time="0.008" /><testcase classname="tests.test_insurance_alerts" name="test_sweep_does_not_fire_off_threshold[15]" time="0.008" /><testcase classname="tests.test_insurance_alerts" name="test_sweep_does_not_fire_off_threshold[13]" time="0.007" /><testcase classname="tests.test_insurance_alerts" name="test_sweep_does_not_fire_off_threshold[8]" time="0.006" /><testcase classname="tests.test_insurance_alerts" name="test_sweep_does_not_fire_off_threshold[6]" time="0.006" /><testcase classname="tests.test_insurance_alerts" name="test_sweep_does_not_fire_off_threshold[1]" time="0.006" /><testcase classname="tests.test_insurance_alerts" name="test_sweep_fires_every_day_while_expired[1]" time="0.007" /><testcase classname="tests.test_insurance_alerts" name="test_sweep_fires_every_day_while_expired[7]" time="0.007" /><testcase classname="tests.test_insurance_alerts" name="test_sweep_fires_every_day_while_expired[30]" time="0.007" /><testcase classname="tests.test_insurance_alerts" name="test_sweep_fires_every_day_while_expired[365]" time="0.007" /><testcase classname="tests.test_insurance_alerts" name="test_sweep_fires_once_per_policy" time="0.007" /><testcase classname="tests.test_insurance_alerts" name="test_sweep_ignores_struck_off_entities" time="0.008" /><testcase classname="tests.test_insurance_alerts" name="test_sweep_ignores_null_policies" time="0.005" /><testcase classname="tests.test_mfa.TestMfaEnrollmentRequired" name="test_super_admin_mfa_enrollment_required_true" time="0.208" /><testcase classname="tests.test_mfa.TestMfaEnrollmentRequired" name="test_director_mfa_enrollment_required_true" time="0.164" /><testcase classname="tests.test_mfa.TestMfaEnrollmentRequired" name="test_finance_mfa_enrollment_required_true" time="0.162" /><testcase classname="tests.test_mfa.TestMfaEnrollmentFlow" name="test_mfa_enroll_start_returns_secret_and_qr" time="0.599" /><testcase classname="tests.test_mfa.TestMfaEnrollmentFlow" name="test_mfa_enroll_confirm_with_invalid_totp_returns_400" time="0.116" /><testcase classname="tests.test_mfa.TestBackupCodes" name="test_regenerate_backup_codes_requires_mfa_enabled" time="0.245" /><testcase classname="tests.test_mfa.TestBackupCodes" name="test_regenerate_backup_codes_returns_10_new_codes" time="0.865" /><testcase classname="tests.test_mfa.TestMfaDisable" name="test_mfa_disable_clears_mfa_state" time="0.220" /><testcase classname="tests.test_mfa.TestPasswordChange" name="test_password_change_wrong_current_returns_400" time="0.090" /><testcase classname="tests.test_mfa.TestPasswordChange" name="test_password_change_reuse_returns_400" time="0.353" /><testcase classname="tests.test_mfa.TestLogout" name="test_logout_returns_204" time="0.558" /><testcase classname="tests.test_mfa.TestCleanup" name="test_cleanup_disable_mfa_test_admin" time="0.014" /><testcase classname="tests.test_mfa_gap_closure" name="test_column_rename_applied" time="0.014" /><testcase classname="tests.test_mfa_gap_closure.TestEnforcedRoleLogin" name="test_director_login_issues_mfa_pending" time="0.156" /><testcase classname="tests.test_mfa_gap_closure.TestEnforcedRoleLogin" name="test_finance_login_issues_mfa_pending" time="0.175" /><testcase classname="tests.test_mfa_gap_closure.TestEnforcedRoleLogin" name="test_super_admin_login_issues_mfa_pending" time="0.180" /><testcase classname="tests.test_mfa_gap_closure.TestEnforcedRoleLogin" name="test_readonly_login_is_normal_access" time="0.149" /><testcase classname="tests.test_mfa_gap_closure.TestEnforcedRoleLogin" name="test_pm_login_is_normal_access" time="0.165" /><testcase classname="tests.test_mfa_gap_closure.TestMfaPendingTokenGating" name="test_me_allowed" time="0.236" /><testcase classname="tests.test_mfa_gap_closure.TestMfaPendingTokenGating" name="test_mfa_enroll_start_allowed" time="0.078" /><testcase classname="tests.test_mfa_gap_closure.TestMfaPendingTokenGating" name="test_entities_blocked" time="0.058" /><testcase classname="tests.test_mfa_gap_closure.TestMfaPendingTokenGating" name="test_users_blocked" time="0.063" /><testcase classname="tests.test_mfa_gap_closure.TestMfaPendingTokenGating" name="test_logout_allowed" time="0.052" /><testcase classname="tests.test_mfa_gap_closure.TestEnforcedEnrolmentHappyPath" name="test_full_flow_login_enrol_access_entities" time="1.850" /><testcase classname="tests.test_mfa_gap_closure.TestMfaDisablePasswordGate" name="test_missing_body_returns_422" time="0.593" /><testcase classname="tests.test_mfa_gap_closure.TestMfaDisablePasswordGate" name="test_wrong_password_returns_400" time="0.094" /><testcase classname="tests.test_mfa_gap_closure.TestMfaDisablePasswordGate" name="test_correct_password_returns_204_and_clears" time="0.103" /><testcase classname="tests.test_mfa_gap_closure.TestRegenerateBackupCodes" name="test_missing_fields_returns_422" time="0.571" /><testcase classname="tests.test_mfa_gap_closure.TestRegenerateBackupCodes" name="test_missing_totp_returns_422" time="0.050" /><testcase classname="tests.test_mfa_gap_closure.TestRegenerateBackupCodes" name="test_wrong_password_returns_400" time="0.094" /><testcase classname="tests.test_mfa_gap_closure.TestRegenerateBackupCodes" name="test_wrong_totp_returns_400" time="0.087" /><testcase classname="tests.test_mfa_gap_closure.TestRegenerateBackupCodes" name="test_valid_returns_10_new_codes" time="1.338" /><testcase classname="tests.test_mfa_gap_closure" name="test_zz_cleanup_reset_users" time="0.008" /><testcase classname="tests.test_notifications.TestDispatch" name="test_dispatch_creates_row" time="0.015" /><testcase classname="tests.test_notifications.TestDispatch" name="test_dispatch_default_expires_at_30_days" time="0.006" /><testcase classname="tests.test_notifications.TestDispatch" name="test_dispatch_high_sends_email" time="0.007" /><testcase classname="tests.test_notifications.TestDispatch" name="test_dispatch_critical_sends_email" time="0.005" /><testcase classname="tests.test_notifications.TestDispatch" name="test_dispatch_normal_no_email" time="0.004" /><testcase classname="tests.test_notifications.TestDispatch" name="test_dispatch_records_audit" time="0.005" /><testcase classname="tests.test_notifications.TestDispatch" name="test_dispatch_invalid_type_raises" time="0.001" /><testcase classname="tests.test_notifications.TestInbox" name="test_inbox_own_only" time="0.782" /><testcase classname="tests.test_notifications.TestInbox" name="test_inbox_filter_by_type" time="0.061" /><testcase classname="tests.test_notifications.TestInbox" name="test_inbox_filter_by_read" time="0.054" /><testcase classname="tests.test_notifications.TestInbox" name="test_unread_count_endpoint" time="0.051" /><testcase classname="tests.test_notifications.TestGrouping" name="test_groups_three_or_more_same_type_same_window" time="0.000" /><testcase classname="tests.test_notifications.TestGrouping" name="test_does_not_group_below_threshold" time="0.000" /><testcase classname="tests.test_notifications.TestGrouping" name="test_does_not_group_across_window" time="0.000" /><testcase classname="tests.test_notifications.TestReadDismiss" name="test_patch_read" time="0.062" /><testcase classname="tests.test_notifications.TestReadDismiss" name="test_patch_dismiss" time="0.067" /><testcase classname="tests.test_notifications.TestReadDismiss" name="test_patch_others_notification_403" time="0.061" /><testcase classname="tests.test_notifications.TestReadDismiss" name="test_mark_all_read" time="0.128" /><testcase classname="tests.test_notifications.TestCascade" name="test_user_delete_cascades" time="0.054" /><testcase classname="tests.test_password_complexity.TestPasswordPolicyEndpoint" name="test_policy_endpoint_lists_5_rules" time="0.104" /><testcase classname="tests.test_password_complexity.TestPasswordComplexity" name="test_too_short_rejects" time="0.250" /><testcase classname="tests.test_password_complexity.TestPasswordComplexity" name="test_missing_uppercase_rejects" time="0.095" /><testcase classname="tests.test_password_complexity.TestPasswordComplexity" name="test_missing_lowercase_rejects" time="0.093" /><testcase classname="tests.test_password_complexity.TestPasswordComplexity" name="test_missing_number_rejects" time="0.091" /><testcase classname="tests.test_password_complexity.TestPasswordComplexity" name="test_missing_symbol_rejects" time="0.092" /><testcase classname="tests.test_password_complexity.TestPasswordComplexity" name="test_strong_password_accepts" time="0.212" /><testcase classname="tests.test_password_complexity.TestUnlockEndpoint" name="test_unlock_locked_user_succeeds" time="1.295" /><testcase classname="tests.test_password_complexity.TestUnlockEndpoint" name="test_unlock_without_permission_forbidden" time="0.107" /><testcase classname="tests.test_projects.TestProjectCode" name="test_auto_code_first_project_uses_slug_prefix" time="0.501" /><testcase classname="tests.test_projects.TestProjectCode" name="test_auto_code_second_project_increments_counter" time="0.058" /><testcase classname="tests.test_projects.TestProjectCode" name="test_auto_code_different_slug_starts_at_001" time="0.059" /><testcase classname="tests.test_projects.TestProjectCode" name="test_auto_code_short_name_is_padded" time="0.062" /><testcase classname="tests.test_projects.TestProjectCode" name="test_auto_code_strips_non_alphanum" time="0.060" /><testcase classname="tests.test_projects.TestProjectCode" name="test_override_valid_format_accepted" time="0.060" /><testcase classname="tests.test_projects.TestProjectCode" name="test_override_bad_format_rejected" time="0.049" /><testcase classname="tests.test_projects.TestProjectCode" name="test_override_too_short_sequence_rejected" time="0.049" /><testcase classname="tests.test_projects.TestProjectCode" name="test_override_duplicate_rejected" time="0.051" /><testcase classname="tests.test_projects.TestProjectCode" name="test_project_code_is_immutable_on_update" time="0.108" /><testcase classname="tests.test_projects.TestAreaConversion" name="test_ha_derives_acres" time="0.060" /><testcase classname="tests.test_projects.TestAreaConversion" name="test_acres_derives_ha" time="0.060" /><testcase classname="tests.test_projects.TestAreaConversion" name="test_ha_wins_when_both_supplied" time="0.060" /><testcase classname="tests.test_projects.TestAreaConversion" name="test_null_areas_remain_null" time="0.060" /><testcase classname="tests.test_projects.TestAreaConversion" name="test_area_updated_on_put" time="0.111" /><testcase classname="tests.test_projects.TestAreaConversion" name="test_round_trip_ha_acres_ha_is_stable" time="0.058" /><testcase classname="tests.test_projects.TestPlanningExpiry" name="test_full_permission_three_year_expiry" time="0.058" /><testcase classname="tests.test_projects.TestPlanningExpiry" name="test_outline_permission_three_year_expiry" time="0.059" /><testcase classname="tests.test_projects.TestPlanningExpiry" name="test_reserved_matters_two_year_expiry" time="0.060" /><testcase classname="tests.test_projects.TestPlanningExpiry" name="test_manual_expiry_override_is_preserved" time="0.059" /><testcase classname="tests.test_projects.TestPlanningExpiry" name="test_no_type_no_expiry" time="0.059" /><testcase classname="tests.test_projects.TestPlanningExpiry" name="test_update_recalculates_expiry_when_approval_changes" time="0.116" /><testcase classname="tests.test_projects.TestPlanningExpiry" name="test_update_manual_override_flagged_in_audit" time="0.118" /><testcase classname="tests.test_projects.TestStageMachine" name="test_new_project_starts_at_lead" time="0.060" /><testcase classname="tests.test_projects.TestStageMachine" name="test_advance_lead_to_appraisal" time="0.116" /><testcase classname="tests.test_projects.TestStageMachine" name="test_cannot_skip_appraisal" time="0.128" /><testcase classname="tests.test_projects.TestStageMachine" name="test_cannot_go_backwards" time="0.160" /><testcase classname="tests.test_projects.TestStageMachine" name="test_dead_from_any_active_stage_is_allowed" time="0.113" /><testcase classname="tests.test_projects.TestStageMachine" name="test_dead_without_reason_fails" time="0.113" /><testcase classname="tests.test_projects.TestStageMachine" name="test_closed_syncs_status_to_complete" time="0.479" /><testcase classname="tests.test_projects.TestStageMachine" name="test_construction_can_branch_to_sales_or_post_completion" time="0.380" /><testcase classname="tests.test_projects.TestStageMachine" name="test_stage_advance_stamps_audit" time="0.115" /><testcase classname="tests.test_projects.TestStageOverride" name="test_director_cannot_override" time="0.453" /><testcase classname="tests.test_projects.TestStageOverride" name="test_admin_override_skips_stages" time="0.078" /><testcase classname="tests.test_projects.TestStageOverride" name="test_override_requires_minimum_reason_length" time="0.106" /><testcase classname="tests.test_projects.TestStageOverride" name="test_override_reactivates_dead_project" time="0.169" /><testcase classname="tests.test_projects.TestStageOverride" name="test_override_to_dead_requires_dead_reason" time="0.111" /><testcase classname="tests.test_projects.TestStageOverride" name="test_override_same_stage_rejected" time="0.111" /><testcase classname="tests.test_projects.TestStageOverride" name="test_override_stamps_audit_with_reason_and_director_notifications" time="0.115" /><testcase classname="tests.test_projects.TestTeamMembers" name="test_add_team_member" time="0.112" /><testcase classname="tests.test_projects.TestTeamMembers" name="test_primary_project_lead_syncs_to_project_lead_user_id" time="0.159" /><testcase classname="tests.test_projects.TestTeamMembers" name="test_cannot_have_two_active_primaries_same_role" time="0.162" /><testcase classname="tests.test_projects.TestTeamMembers" name="test_can_have_multiple_non_primary_same_role" time="0.166" /><testcase classname="tests.test_projects.TestTeamMembers" name="test_invalid_role_rejected" time="0.109" /><testcase classname="tests.test_projects.TestTeamMembers" name="test_unknown_user_rejected" time="0.108" /><testcase classname="tests.test_projects.TestTeamMembers" name="test_list_team_active_only_by_default" time="0.168" /><testcase classname="tests.test_projects.TestTeamMembers" name="test_list_team_history_includes_removed" time="0.172" /><testcase classname="tests.test_projects.TestTeamMembers" name="test_remove_primary_lead_nulls_project_lead" time="0.174" /><testcase classname="tests.test_projects.TestTeamMembers" name="test_remove_idempotent" time="0.132" /><testcase classname="tests.test_projects.TestTeamMembers" name="test_remove_wrong_project_404" time="0.223" /><testcase classname="tests.test_projects.TestTeamMembers" name="test_team_add_records_audit" time="0.119" /><testcase classname="tests.test_projects.TestTeamMembers" name="test_team_remove_records_audit" time="0.129" /><testcase classname="tests.test_projects.TestScoping" name="test_unauthenticated_cannot_list" time="0.002" /><testcase classname="tests.test_projects.TestScoping" name="test_readonly_cannot_create" time="0.098" /><testcase classname="tests.test_projects.TestScoping" name="test_readonly_cannot_delete" time="0.071" /><testcase classname="tests.test_projects.TestScoping" name="test_readonly_cannot_advance_stage" time="0.069" /><testcase classname="tests.test_projects.TestScoping" name="test_readonly_can_view" time="0.071" /><testcase classname="tests.test_projects.TestScoping" name="test_readonly_does_not_see_financials" time="0.070" /><testcase classname="tests.test_projects.TestScoping" name="test_director_sees_financials" time="0.028" /><testcase classname="tests.test_projects.TestScoping" name="test_finance_sees_financials" time="0.463" /><testcase classname="tests.test_projects.TestScoping" name="test_site_manager_cannot_create" time="0.097" /><testcase classname="tests.test_projects.TestScoping" name="test_pagination_works" time="0.187" /><testcase classname="tests.test_projects.TestScoping" name="test_search_by_name" time="0.113" /><testcase classname="tests.test_projects.TestScoping" name="test_filter_by_stage" time="0.164" /><testcase classname="tests.test_projects.TestScoping" name="test_filter_by_entity" time="0.170" /><testcase classname="tests.test_projects.TestDeleteBlocking" name="test_delete_no_dependents_succeeds" time="0.119" /><testcase classname="tests.test_projects.TestDeleteBlocking" name="test_delete_404" time="0.049" /><testcase classname="tests.test_projects.TestDeleteBlocking" name="test_delete_records_audit" time="0.071" /><testcase classname="tests.test_projects.TestUpdateFlow" name="test_update_tracks_audit_diff" time="0.117" /><testcase classname="tests.test_projects.TestUpdateFlow" name="test_update_with_no_changes_does_not_write_audit" time="0.115" /><testcase classname="tests.test_projects.TestServiceHelpers" name="test_validate_code_override_happy" time="0.000" /><testcase classname="tests.test_projects.TestServiceHelpers" name="test_validate_code_override_rejects" time="0.000" /><testcase classname="tests.test_projects.TestServiceHelpers" name="test_reconcile_area_both_prefers_ha" time="0.000" /><testcase classname="tests.test_projects.TestServiceHelpers" name="test_reconcile_area_none_none_returns_none" time="0.000" /><testcase classname="tests.test_projects.TestServiceHelpers" name="test_derive_planning_expiry_full" time="0.000" /><testcase classname="tests.test_projects.TestServiceHelpers" name="test_derive_planning_expiry_reserved_matters" time="0.000" /><testcase classname="tests.test_projects.TestServiceHelpers" name="test_derive_planning_expiry_missing_inputs" time="0.000" /><testcase classname="tests.test_projects.TestServiceHelpers" name="test_is_allowed_forward" time="0.000" /><testcase classname="tests.test_projects.TestPlanningExpirySweep" name="test_sweep_fires_exact_thresholds" time="0.091" /><testcase classname="tests.test_projects.TestPlanningExpirySweep" name="test_sweep_skips_non_thresholds" time="0.063" /><testcase classname="tests.test_projects.TestPlanningExpirySweep" name="test_sweep_fires_daily_past_expiry" time="0.076" /><testcase classname="tests.test_projects.TestPlanningExpirySweep" name="test_sweep_skips_non_active_projects" time="0.118" /><testcase classname="tests.test_projects.TestPlanningExpirySweep" name="test_sweep_skips_started_projects" time="0.124" /><testcase classname="tests.test_projects.TestFinancialsRefresh" name="test_refresh_returns_zero_rollups" time="0.113" /><testcase classname="tests.test_projects.TestFinancialsRefresh" name="test_refresh_requires_view_sensitive" time="0.066" /><testcase classname="tests.test_projects.TestFinancialsRefresh" name="test_refresh_stamps_financials_refreshed_at" time="0.158" /><testcase classname="tests.test_projects.TestRetroFKs" name="test_user_role_projects_fk_exists" time="0.004" /><testcase classname="tests.test_projects.TestRetroFKs" name="test_audit_log_project_id_fk_exists" time="0.002" /><testcase classname="tests.test_projects.TestRetroFKs" name="test_project_audit_row_set_null_on_delete" time="0.070" /><testcase classname="tests.test_projects.TestLookup" name="test_get_404" time="0.048" /><testcase classname="tests.test_projects.TestLookup" name="test_put_404" time="0.049" /><testcase classname="tests.test_projects.TestLookup" name="test_team_add_404" time="0.049" /><testcase classname="tests.test_projects.TestLookup" name="test_stage_advance_404" time="0.053" /><testcase classname="tests.test_retro_wires.TestPlanningExpiryRetrowire" name="test_sweep_dispatches_deadline_approaching" time="0.023" /><testcase classname="tests.test_retro_wires.TestStageOverrideRetrowire" name="test_override_dispatches_system_announcement_to_directors" time="0.399" /><testcase classname="tests.test_retro_wires.TestInsuranceAlertRetrowire" name="test_emit_alert_dispatches_insurance_expiry" time="0.011" /><testcase classname="tests.test_retro_wires.TestAuthRetrowires" name="test_password_reset_dispatches_security_alert" time="0.148" /><testcase classname="tests.test_retro_wires.TestPermissionsCatalogue" name="test_system_config_view_granted_to_all_10_roles" time="0.003" /><testcase classname="tests.test_retro_wires.TestPermissionsCatalogue" name="test_system_config_admin_super_admin_only" time="0.002" /><testcase classname="tests.test_retro_wires.TestPermissionsCatalogue" name="test_post_1_7_permission_baseline" time="0.002" /><testcase classname="tests.test_scheduler_jobs.TestNotificationExpirySweep" name="test_dismisses_expired" time="0.011" /><testcase classname="tests.test_scheduler_jobs.TestNotificationExpirySweep" name="test_skips_unexpired" time="0.005" /><testcase classname="tests.test_scheduler_jobs.TestNotificationExpirySweep" name="test_skips_already_dismissed" time="0.006" /><testcase classname="tests.test_scheduler_jobs.TestAuditRetentionSweep" name="test_skipped_when_disabled" time="0.002" /><testcase classname="tests.test_scheduler_jobs.TestAuditRetentionSweep" name="test_runs_when_enabled" time="0.007" /><testcase classname="tests.test_scheduler_jobs.TestSchedulerLifecycle" name="test_start_and_stop_idempotent" time="0.003" /><testcase classname="tests.test_sessions_history_reset.TestLoginIssuesSession" name="test_login_sets_access_and_refresh_cookies" time="0.186" /><testcase classname="tests.test_sessions_history_reset.TestLoginIssuesSession" name="test_session_row_created_with_hashed_refresh" time="0.166" /><testcase classname="tests.test_sessions_history_reset.TestLoginIssuesSession" name="test_remember_me_extends_expiry_to_90d" time="0.172" /><testcase classname="tests.test_sessions_history_reset.TestRefreshRotation" name="test_refresh_rotates_cookie" time="0.196" /><testcase classname="tests.test_sessions_history_reset.TestRefreshRotation" name="test_old_refresh_after_rotate_is_replay" time="0.405" /><testcase classname="tests.test_sessions_history_reset.TestRefreshRotation" name="test_missing_refresh_cookie_returns_401" time="0.111" /><testcase classname="tests.test_sessions_history_reset.TestRefreshRotation" name="test_invalid_refresh_cookie_returns_401" time="0.110" /><testcase classname="tests.test_sessions_history_reset.TestLogoutRevokesSession" name="test_logout_clears_cookies_and_revokes" time="0.238" /><testcase classname="tests.test_sessions_history_reset.TestPasswordChangeRevokesOthers" name="test_password_change_revokes_other_sessions" time="0.651" /><testcase classname="tests.test_sessions_history_reset.TestLoginHistoryRecords" name="test_login_failed_creates_row_without_user_id" time="0.123" /><testcase classname="tests.test_sessions_history_reset.TestLoginHistoryRecords" name="test_login_success_creates_row" time="0.166" /><testcase classname="tests.test_sessions_history_reset.TestLoginHistoryRecords" name="test_login_history_append_only" time="0.002" /><testcase classname="tests.test_sessions_history_reset.TestSessionEndpoints" name="test_list_my_sessions_marks_current" time="0.224" /><testcase classname="tests.test_sessions_history_reset.TestSessionEndpoints" name="test_revoke_other_session" time="0.496" /><testcase classname="tests.test_sessions_history_reset.TestSessionEndpoints" name="test_revoke_others_keeps_current" time="0.473" /><testcase classname="tests.test_sessions_history_reset.TestSessionEndpoints" name="test_admin_revoke_all" time="0.573" /><testcase classname="tests.test_sessions_history_reset.TestLoginHistoryAdminView" name="test_admin_can_list_history" time="0.363" /><testcase classname="tests.test_sessions_history_reset.TestLoginHistoryAdminView" name="test_non_admin_forbidden" time="0.270" /><testcase classname="tests.test_sessions_history_reset.TestLoginHistoryAdminView" name="test_csv_export_downloads" time="0.364" /><testcase classname="tests.test_sessions_history_reset.TestPasswordResetSelfService" name="test_request_returns_200_for_unknown_email" time="0.051" /><testcase classname="tests.test_sessions_history_reset.TestPasswordResetSelfService" name="test_request_returns_200_for_known_email" time="0.052" /><testcase classname="tests.test_sessions_history_reset.TestPasswordResetSelfService" name="test_complete_valid_token_resets_password_and_revokes_sessions" time="0.419" /><testcase classname="tests.test_sessions_history_reset.TestPasswordResetSelfService" name="test_expired_token_rejected" time="0.054" /><testcase classname="tests.test_sessions_history_reset.TestPasswordResetSelfService" name="test_used_token_rejected_second_time" time="0.180" /><testcase classname="tests.test_sessions_history_reset.TestPasswordResetSelfService" name="test_complete_weak_password_rejected" time="0.052" /><testcase classname="tests.test_sessions_history_reset.TestEmailSendLog" name="test_password_reset_request_logs_email" time="0.056" /><testcase classname="tests.test_system_config.TestSeed" name="test_seed_creates_38_keys" time="0.253" /><testcase classname="tests.test_system_config.TestSeed" name="test_seed_covers_expected_categories" time="0.054" /><testcase classname="tests.test_system_config.TestSeed" name="test_default_value_snapshotted" time="0.054" /><testcase classname="tests.test_system_config.TestTypedParse" name="test_typed_parse[notification.email_from_address-String-platform@sy-homes.co.uk]" time="0.055" /><testcase classname="tests.test_system_config.TestTypedParse" name="test_typed_parse[security.password_min_length-Integer-12]" time="0.055" /><testcase classname="tests.test_system_config.TestTypedParse" name="test_typed_parse[finance.default_hurdle_on_cost_pct-Decimal-20]" time="0.053" /><testcase classname="tests.test_system_config.TestTypedParse" name="test_typed_parse[audit.retention_purge_enabled-Boolean-False]" time="0.055" /><testcase classname="tests.test_system_config.TestTypedParse" name="test_typed_parse[security.mfa_required_roles-JSON-expected4]" time="0.053" /><testcase classname="tests.test_system_config.TestTypedParse" name="test_unknown_key_returns_404" time="0.058" /><testcase classname="tests.test_system_config.TestWriteUpdate" name="test_put_updates_and_audits" time="0.118" /><testcase classname="tests.test_system_config.TestWriteUpdate" name="test_put_validates_integer" time="0.054" /><testcase classname="tests.test_system_config.TestWriteUpdate" name="test_put_validates_json" time="0.062" /><testcase classname="tests.test_system_config.TestWriteUpdate" name="test_put_validates_boolean" time="0.065" /><testcase classname="tests.test_system_config.TestWriteUpdate" name="test_put_unknown_key_404" time="0.057" /><testcase classname="tests.test_system_config.TestRestore" name="test_restore_returns_to_default" time="0.120" /><testcase classname="tests.test_system_config.TestPermissions" name="test_all_roles_can_view" time="1.457" /><testcase classname="tests.test_system_config.TestPermissions" name="test_director_cannot_admin" time="0.250" /><testcase classname="tests.test_system_config.TestPermissions" name="test_readonly_cannot_admin" time="0.213" /><testcase classname="tests.test_system_config.TestPermissions" name="test_super_admin_can_admin" time="0.114" /><testcase classname="tests.test_system_config.TestSystemLocked" name="test_put_rejects_locked_key" time="0.287" /><testcase classname="tests.test_system_config.TestServiceCache" name="test_cache_serves_repeat_reads" time="0.001" /><testcase classname="tests.test_system_config.TestServiceCache" name="test_invalidate_forces_reread" time="0.001" /><testcase classname="tests.test_system_config.TestServiceCache" name="test_set_invalidates_cache" time="0.009" /><testcase classname="tests.test_user_edit.TestEditUserSuccessPath" name="test_edit_first_name_phone_success" time="0.504" /><testcase classname="tests.test_user_edit.TestEditUserSuccessPath" name="test_edit_email_flips_verified_false" time="0.262" /><testcase classname="tests.test_user_edit.TestEditUserCollision" name="test_email_collision_returns_409" time="0.158" /><testcase classname="tests.test_user_edit.TestEditUserPermission" name="test_non_admin_gets_403" time="0.277" /><testcase classname="tests.test_user_edit.TestEditUserStatusToggle" name="test_suspended_user_cannot_login" time="0.462" /><testcase classname="tests.test_user_edit.TestEditUserStatusToggle" name="test_self_deactivation_blocked" time="0.114" /><testcase classname="tests.test_user_edit.TestEditUserStatusToggle" name="test_archive_via_put_rejected" time="0.127" /></testsuite></testsuites>