<?xml version="1.0" encoding="utf-8"?><testsuites name="pytest tests"><testsuite name="pytest" errors="0" failures="0" skipped="0" tests="63" time="7.984" timestamp="2026-04-19T22:08:14.761563+00:00" hostname="agent-env-9df81e51-567d-4640-8c45-a1ce8fc91a17"><testcase classname="tests.test_auth_rbac.TestAuthLogin" name="test_login_super_admin_success" time="0.267" /><testcase classname="tests.test_auth_rbac.TestAuthLogin" name="test_login_test_admin_success" time="0.111" /><testcase classname="tests.test_auth_rbac.TestAuthLogin" name="test_login_invalid_password_returns_401" time="0.110" /><testcase classname="tests.test_auth_rbac.TestAuthLogin" name="test_login_archived_user_returns_403" time="0.062" /><testcase classname="tests.test_auth_rbac.TestAuthLogin" name="test_login_nonexistent_user_returns_401" time="0.108" /><testcase classname="tests.test_auth_rbac.TestAuthMe" name="test_me_super_admin_returns_87_permissions" time="0.170" /><testcase classname="tests.test_auth_rbac.TestAuthMe" name="test_me_unauthenticated_returns_401" time="0.173" /><testcase classname="tests.test_auth_rbac.TestAuthUnauthenticated" name="test_entities_unauthenticated_returns_401" time="0.112" /><testcase classname="tests.test_auth_rbac.TestAuthUnauthenticated" name="test_users_unauthenticated_returns_401" time="0.188" /><testcase classname="tests.test_auth_rbac.TestAuthUnauthenticated" name="test_roles_unauthenticated_returns_401" time="0.164" /><testcase classname="tests.test_auth_rbac.TestRoles" name="test_roles_returns_10_seeded_roles" time="0.089" /><testcase classname="tests.test_auth_rbac.TestPermissions" name="test_permissions_returns_87_permissions" time="0.071" /><testcase classname="tests.test_auth_rbac.TestUsers" name="test_list_users_with_super_admin" time="0.075" /><testcase classname="tests.test_auth_rbac.TestUsers" name="test_get_user_detail" time="0.147" /><testcase classname="tests.test_auth_rbac.TestUsers" name="test_invite_user_returns_invitation_token" time="0.117" /><testcase classname="tests.test_auth_rbac.TestUsers" name="test_readonly_cannot_create_user" time="0.170" /><testcase classname="tests.test_auth_rbac.TestEntityScope" name="test_pm_sees_only_shrewsbury_entity" time="0.262" /><testcase classname="tests.test_auth_rbac.TestEntityScope" name="test_pm_cannot_access_non_shrewsbury_entity" time="0.071" /><testcase classname="tests.test_auth_rbac.TestEntityScope" name="test_director_sees_all_entities" time="0.176" /><testcase classname="tests.test_auth_rbac.TestEntityScope" name="test_readonly_sees_all_entities" time="0.063" /><testcase classname="tests.test_auth_rbac.TestEntityScope" name="test_readonly_cannot_create_entity" time="0.069" /><testcase classname="tests.test_auth_rbac.TestSensitiveFields" name="test_readonly_cannot_see_sensitive_fields" time="0.098" /><testcase classname="tests.test_auth_rbac.TestSensitiveFields" name="test_finance_can_see_sensitive_fields" time="0.168" /><testcase classname="tests.test_auth_rbac.TestEntitiesWithAuth" name="test_list_entities_authenticated" time="0.066" /><testcase classname="tests.test_auth_rbac.TestEntitiesWithAuth" name="test_create_entity_stores_created_by_user_id" time="0.138" /><testcase classname="tests.test_auth_rbac.TestEntitiesWithAuth" name="test_filter_by_entity_type" time="0.066" /><testcase classname="tests.test_auth_rbac.TestEntitiesWithAuth" name="test_search_entities" time="0.080" /><testcase classname="tests.test_auth_rbac.TestRoleAssignment" name="test_assign_role_with_entity_scope" time="0.293" /><testcase classname="tests.test_auth_rbac.TestUnlock" name="test_super_admin_can_unlock_user" time="0.137" /><testcase classname="tests.test_auth_rbac.TestHealth" name="test_health_returns_phase_1_2" time="0.059" /><testcase classname="tests.test_auth_rbac.TestCleanup" name="test_cleanup_test_entities" time="0.066" /><testcase classname="tests.test_auth_rbac.TestCleanup" name="test_cleanup_test_users" time="0.144" /><testcase classname="tests.test_entities_api.TestHealthEndpoint" name="test_health_returns_200" time="0.106" /><testcase classname="tests.test_entities_api.TestMetaEndpoints" name="test_tenant_returns_sy_homes" time="0.146" /><testcase classname="tests.test_entities_api.TestMetaEndpoints" name="test_enums_returns_all_5_enums" time="0.061" /><testcase classname="tests.test_entities_api.TestEntitiesListEndpoint" name="test_list_returns_3_seeded_entities" time="0.063" /><testcase classname="tests.test_entities_api.TestEntitiesListEndpoint" name="test_filter_by_entity_type_parent" time="0.057" /><testcase classname="tests.test_entities_api.TestEntitiesListEndpoint" name="test_filter_by_entity_type_spv" time="0.055" /><testcase classname="tests.test_entities_api.TestEntitiesListEndpoint" name="test_search_by_name" time="0.055" /><testcase classname="tests.test_entities_api.TestEntitiesListEndpoint" name="test_sort_by_name_desc" time="0.055" /><testcase classname="tests.test_entities_api.TestEntitiesListEndpoint" name="test_sort_by_name_asc" time="0.052" /><testcase classname="tests.test_entities_api.TestEntitiesListEndpoint" name="test_invalid_entity_type_filter_returns_400" time="0.052" /><testcase classname="tests.test_entities_api.TestEntityDetailEndpoint" name="test_parent_entity_has_children" time="0.119" /><testcase classname="tests.test_entities_api.TestEntityDetailEndpoint" name="test_child_entity_has_parent" time="0.070" /><testcase classname="tests.test_entities_api.TestEntityDetailEndpoint" name="test_nonexistent_entity_returns_404" time="0.079" /><testcase classname="tests.test_entities_api.TestEntityCreateEndpoint" name="test_create_entity_success" time="0.108" /><testcase classname="tests.test_entities_api.TestEntityCreateEndpoint" name="test_create_entity_with_valid_ch_number" time="0.114" /><testcase classname="tests.test_entities_api.TestEntityCreateEndpoint" name="test_create_entity_with_sc_ch_number" time="0.116" /><testcase classname="tests.test_entities_api.TestEntityCreateEndpoint" name="test_create_entity_invalid_ch_number_rejects_422" time="0.051" /><testcase classname="tests.test_entities_api.TestEntityCreateEndpoint" name="test_create_entity_duplicate_ch_number_rejects_409" time="0.166" /><testcase classname="tests.test_entities_api.TestEntityCreateEndpoint" name="test_create_entity_duplicate_vat_number_rejects_409" time="0.172" /><testcase classname="tests.test_entities_api.TestEntityCreateEndpoint" name="test_create_entity_bank_account_masked" time="0.110" /><testcase classname="tests.test_entities_api.TestEntityUpdateEndpoint" name="test_update_entity_success" time="0.267" /><testcase classname="tests.test_entities_api.TestEntityUpdateEndpoint" name="test_update_entity_self_parent_rejects_400" time="0.160" /><testcase classname="tests.test_entities_api.TestEntityUpdateEndpoint" name="test_update_entity_circular_parent_rejects_400" time="0.292" /><testcase classname="tests.test_entities_api.TestEntityUpdateEndpoint" name="test_update_entity_invalid_year_end_rejects_422" time="0.160" /><testcase classname="tests.test_entities_api.TestEntityDeleteEndpoint" name="test_delete_entity_with_children_rejects_409" time="0.056" /><testcase classname="tests.test_entities_api.TestEntityDeleteEndpoint" name="test_delete_leaf_entity_success" time="0.168" /><testcase classname="tests.test_entities_api.TestStruckOffStatus" name="test_struck_off_hidden_by_default" time="0.219" /><testcase classname="tests.test_entities_api.TestInsuranceAlerts" name="test_insurance_alerts_critical_severity" time="0.194" /><testcase classname="tests.test_entities_api.TestInsuranceAlerts" name="test_insurance_alerts_warning_severity" time="0.164" /><testcase classname="tests.test_entities_api.TestInsuranceAlerts" name="test_insurance_alerts_expired_severity" time="0.169" /><testcase classname="tests.test_entities_api.TestCleanup" name="test_cleanup_test_entities" time="0.138" /></testsuite></testsuites>