<?xml version="1.0" encoding="utf-8"?><testsuites name="pytest tests"><testsuite name="pytest" errors="0" failures="0" skipped="0" tests="32" time="3.687" timestamp="2026-04-19T21:48:51.206247+00:00" hostname="agent-env-9df81e51-567d-4640-8c45-a1ce8fc91a17"><testcase classname="tests.test_auth_rbac.TestAuthLogin" name="test_login_super_admin_success" time="0.296" /><testcase classname="tests.test_auth_rbac.TestAuthLogin" name="test_login_test_admin_success" time="0.101" /><testcase classname="tests.test_auth_rbac.TestAuthLogin" name="test_login_invalid_password_returns_401" time="0.095" /><testcase classname="tests.test_auth_rbac.TestAuthLogin" name="test_login_archived_user_returns_403" time="0.055" /><testcase classname="tests.test_auth_rbac.TestAuthLogin" name="test_login_nonexistent_user_returns_401" time="0.088" /><testcase classname="tests.test_auth_rbac.TestAuthMe" name="test_me_super_admin_returns_87_permissions" time="0.162" /><testcase classname="tests.test_auth_rbac.TestAuthMe" name="test_me_unauthenticated_returns_401" time="0.120" /><testcase classname="tests.test_auth_rbac.TestAuthUnauthenticated" name="test_entities_unauthenticated_returns_401" time="0.123" /><testcase classname="tests.test_auth_rbac.TestAuthUnauthenticated" name="test_users_unauthenticated_returns_401" time="0.108" /><testcase classname="tests.test_auth_rbac.TestAuthUnauthenticated" name="test_roles_unauthenticated_returns_401" time="0.148" /><testcase classname="tests.test_auth_rbac.TestRoles" name="test_roles_returns_10_seeded_roles" time="0.071" /><testcase classname="tests.test_auth_rbac.TestPermissions" name="test_permissions_returns_87_permissions" time="0.057" /><testcase classname="tests.test_auth_rbac.TestUsers" name="test_list_users_with_super_admin" time="0.062" /><testcase classname="tests.test_auth_rbac.TestUsers" name="test_get_user_detail" time="0.126" /><testcase classname="tests.test_auth_rbac.TestUsers" name="test_invite_user_returns_invitation_token" time="0.102" /><testcase classname="tests.test_auth_rbac.TestUsers" name="test_readonly_cannot_create_user" time="0.157" /><testcase classname="tests.test_auth_rbac.TestEntityScope" name="test_pm_sees_only_shrewsbury_entity" time="0.234" /><testcase classname="tests.test_auth_rbac.TestEntityScope" name="test_pm_cannot_access_non_shrewsbury_entity" time="0.060" /><testcase classname="tests.test_auth_rbac.TestEntityScope" name="test_director_sees_all_entities" time="0.159" /><testcase classname="tests.test_auth_rbac.TestEntityScope" name="test_readonly_sees_all_entities" time="0.054" /><testcase classname="tests.test_auth_rbac.TestEntityScope" name="test_readonly_cannot_create_entity" time="0.061" /><testcase classname="tests.test_auth_rbac.TestSensitiveFields" name="test_readonly_cannot_see_sensitive_fields" time="0.062" /><testcase classname="tests.test_auth_rbac.TestSensitiveFields" name="test_finance_can_see_sensitive_fields" time="0.159" /><testcase classname="tests.test_auth_rbac.TestEntitiesWithAuth" name="test_list_entities_authenticated" time="0.057" /><testcase classname="tests.test_auth_rbac.TestEntitiesWithAuth" name="test_create_entity_stores_created_by_user_id" time="0.129" /><testcase classname="tests.test_auth_rbac.TestEntitiesWithAuth" name="test_filter_by_entity_type" time="0.058" /><testcase classname="tests.test_auth_rbac.TestEntitiesWithAuth" name="test_search_entities" time="0.060" /><testcase classname="tests.test_auth_rbac.TestRoleAssignment" name="test_assign_role_with_entity_scope" time="0.241" /><testcase classname="tests.test_auth_rbac.TestUnlock" name="test_super_admin_can_unlock_user" time="0.119" /><testcase classname="tests.test_auth_rbac.TestHealth" name="test_health_returns_phase_1_2" time="0.054" /><testcase classname="tests.test_auth_rbac.TestCleanup" name="test_cleanup_test_entities" time="0.058" /><testcase classname="tests.test_auth_rbac.TestCleanup" name="test_cleanup_test_users" time="0.128" /></testsuite></testsuites>