<?xml version="1.0" encoding="utf-8"?><testsuites name="pytest tests"><testsuite name="pytest" errors="0" failures="2" skipped="0" tests="53" time="4.593" timestamp="2026-04-19T20:35:19.527936+00:00" hostname="agent-env-9df81e51-567d-4640-8c45-a1ce8fc91a17"><testcase classname="tests.test_entities_api.TestHealthEndpoint" name="test_health_returns_200" time="0.232" /><testcase classname="tests.test_entities_api.TestMetaEndpoints" name="test_tenant_returns_sy_homes" time="0.072" /><testcase classname="tests.test_entities_api.TestMetaEndpoints" name="test_enums_returns_all_5_enums" time="0.053" /><testcase classname="tests.test_entities_api.TestEntitiesListEndpoint" name="test_list_returns_3_seeded_entities" time="0.052" /><testcase classname="tests.test_entities_api.TestEntitiesListEndpoint" name="test_filter_by_entity_type_parent" time="0.052"><failure message="assert 2 == 1">tests/test_entities_api.py:115: in test_filter_by_entity_type_parent
    assert data["total"] == 1
E   assert 2 == 1</failure></testcase><testcase classname="tests.test_entities_api.TestEntitiesListEndpoint" name="test_filter_by_entity_type_spv" time="0.062" /><testcase classname="tests.test_entities_api.TestEntitiesListEndpoint" name="test_search_by_name" time="0.049" /><testcase classname="tests.test_entities_api.TestEntitiesListEndpoint" name="test_sort_by_name_desc" time="0.055" /><testcase classname="tests.test_entities_api.TestEntitiesListEndpoint" name="test_sort_by_name_asc" time="0.053" /><testcase classname="tests.test_entities_api.TestEntitiesListEndpoint" name="test_invalid_entity_type_filter_returns_400" time="0.056" /><testcase classname="tests.test_entities_api.TestEntityDetailEndpoint" name="test_parent_entity_has_children" time="0.105"><failure message="AssertionError: assert 1 == 2&#10; +  where 1 = len([{'companies_house_number': None, 'entity_type': 'SPV', 'id': '499d8464-7daf-47b1-9fd9-28821ccbd4f3', 'legal_name': 'SY Homes (Shrewsbury) Limited', ...}])">tests/test_entities_api.py:163: in test_parent_entity_has_children
    assert len(data["children"]) == 2
E   AssertionError: assert 1 == 2
E    +  where 1 = len([{'companies_house_number': None, 'entity_type': 'SPV', 'id': '499d8464-7daf-47b1-9fd9-28821ccbd4f3', 'legal_name': 'SY Homes (Shrewsbury) Limited', ...}])</failure></testcase><testcase classname="tests.test_entities_api.TestEntityDetailEndpoint" name="test_child_entity_has_parent" time="0.058" /><testcase classname="tests.test_entities_api.TestEntityDetailEndpoint" name="test_nonexistent_entity_returns_404" time="0.049" /><testcase classname="tests.test_entities_api.TestEntityCreateEndpoint" name="test_create_entity_success" time="0.105" /><testcase classname="tests.test_entities_api.TestEntityCreateEndpoint" name="test_create_entity_with_valid_ch_number" time="0.108" /><testcase classname="tests.test_entities_api.TestEntityCreateEndpoint" name="test_create_entity_with_sc_ch_number" time="0.137" /><testcase classname="tests.test_entities_api.TestEntityCreateEndpoint" name="test_create_entity_invalid_ch_number_rejects_422" time="0.075" /><testcase classname="tests.test_entities_api.TestEntityCreateEndpoint" name="test_create_entity_duplicate_ch_number_rejects_409" time="0.216" /><testcase classname="tests.test_entities_api.TestEntityCreateEndpoint" name="test_create_entity_duplicate_vat_number_rejects_409" time="0.197" /><testcase classname="tests.test_entities_api.TestEntityCreateEndpoint" name="test_create_entity_bank_account_masked" time="0.101" /><testcase classname="tests.test_entities_api.TestEntityUpdateEndpoint" name="test_update_entity_success" time="0.288" /><testcase classname="tests.test_entities_api.TestEntityUpdateEndpoint" name="test_update_entity_self_parent_rejects_400" time="0.203" /><testcase classname="tests.test_entities_api.TestEntityUpdateEndpoint" name="test_update_entity_circular_parent_rejects_400" time="0.315" /><testcase classname="tests.test_entities_api.TestEntityUpdateEndpoint" name="test_update_entity_invalid_year_end_rejects_422" time="0.160" /><testcase classname="tests.test_entities_api.TestEntityDeleteEndpoint" name="test_delete_entity_with_children_rejects_409" time="0.052" /><testcase classname="tests.test_entities_api.TestEntityDeleteEndpoint" name="test_delete_leaf_entity_success" time="0.183" /><testcase classname="tests.test_entities_api.TestStruckOffStatus" name="test_struck_off_hidden_by_default" time="0.242" /><testcase classname="tests.test_entities_api.TestInsuranceAlerts" name="test_insurance_alerts_critical_severity" time="0.175" /><testcase classname="tests.test_entities_api.TestInsuranceAlerts" name="test_insurance_alerts_warning_severity" time="0.177" /><testcase classname="tests.test_entities_api.TestInsuranceAlerts" name="test_insurance_alerts_expired_severity" time="0.163" /><testcase classname="tests.test_entities_api.TestCleanup" name="test_cleanup_test_entities" time="0.137" /><testcase classname="tests.test_insurance_alerts" name="test_sweep_fires_at_exact_threshold[60-60_day]" time="0.033" /><testcase classname="tests.test_insurance_alerts" name="test_sweep_fires_at_exact_threshold[30-30_day]" time="0.007" /><testcase classname="tests.test_insurance_alerts" name="test_sweep_fires_at_exact_threshold[14-14_day]" time="0.007" /><testcase classname="tests.test_insurance_alerts" name="test_sweep_fires_at_exact_threshold[7-7_day]" time="0.006" /><testcase classname="tests.test_insurance_alerts" name="test_sweep_fires_at_exact_threshold[0-0_day]" time="0.006" /><testcase classname="tests.test_insurance_alerts" name="test_sweep_does_not_fire_off_threshold[59]" time="0.007" /><testcase classname="tests.test_insurance_alerts" name="test_sweep_does_not_fire_off_threshold[61]" time="0.008" /><testcase classname="tests.test_insurance_alerts" name="test_sweep_does_not_fire_off_threshold[45]" time="0.007" /><testcase classname="tests.test_insurance_alerts" name="test_sweep_does_not_fire_off_threshold[31]" time="0.007" /><testcase classname="tests.test_insurance_alerts" name="test_sweep_does_not_fire_off_threshold[29]" time="0.008" /><testcase classname="tests.test_insurance_alerts" name="test_sweep_does_not_fire_off_threshold[15]" time="0.007" /><testcase classname="tests.test_insurance_alerts" name="test_sweep_does_not_fire_off_threshold[13]" time="0.008" /><testcase classname="tests.test_insurance_alerts" name="test_sweep_does_not_fire_off_threshold[8]" time="0.008" /><testcase classname="tests.test_insurance_alerts" name="test_sweep_does_not_fire_off_threshold[6]" time="0.008" /><testcase classname="tests.test_insurance_alerts" name="test_sweep_does_not_fire_off_threshold[1]" time="0.007" /><testcase classname="tests.test_insurance_alerts" name="test_sweep_fires_every_day_while_expired[1]" time="0.007" /><testcase classname="tests.test_insurance_alerts" name="test_sweep_fires_every_day_while_expired[7]" time="0.007" /><testcase classname="tests.test_insurance_alerts" name="test_sweep_fires_every_day_while_expired[30]" time="0.007" /><testcase classname="tests.test_insurance_alerts" name="test_sweep_fires_every_day_while_expired[365]" time="0.007" /><testcase classname="tests.test_insurance_alerts" name="test_sweep_fires_once_per_policy" time="0.007" /><testcase classname="tests.test_insurance_alerts" name="test_sweep_ignores_struck_off_entities" time="0.007" /><testcase classname="tests.test_insurance_alerts" name="test_sweep_ignores_null_policies" time="0.005" /></testsuite></testsuites>