<?xml version="1.0" encoding="utf-8"?><testsuites name="pytest tests"><testsuite name="pytest" errors="0" failures="0" skipped="0" tests="22" time="0.473" timestamp="2026-04-19T21:49:08.443199+00:00" hostname="agent-env-9df81e51-567d-4640-8c45-a1ce8fc91a17"><testcase classname="tests.test_insurance_alerts" name="test_sweep_fires_at_exact_threshold[60-60_day]" time="0.037" /><testcase classname="tests.test_insurance_alerts" name="test_sweep_fires_at_exact_threshold[30-30_day]" time="0.008" /><testcase classname="tests.test_insurance_alerts" name="test_sweep_fires_at_exact_threshold[14-14_day]" time="0.007" /><testcase classname="tests.test_insurance_alerts" name="test_sweep_fires_at_exact_threshold[7-7_day]" time="0.007" /><testcase classname="tests.test_insurance_alerts" name="test_sweep_fires_at_exact_threshold[0-0_day]" time="0.006" /><testcase classname="tests.test_insurance_alerts" name="test_sweep_does_not_fire_off_threshold[59]" time="0.006" /><testcase classname="tests.test_insurance_alerts" name="test_sweep_does_not_fire_off_threshold[61]" time="0.007" /><testcase classname="tests.test_insurance_alerts" name="test_sweep_does_not_fire_off_threshold[45]" time="0.006" /><testcase classname="tests.test_insurance_alerts" name="test_sweep_does_not_fire_off_threshold[31]" time="0.006" /><testcase classname="tests.test_insurance_alerts" name="test_sweep_does_not_fire_off_threshold[29]" time="0.007" /><testcase classname="tests.test_insurance_alerts" name="test_sweep_does_not_fire_off_threshold[15]" time="0.007" /><testcase classname="tests.test_insurance_alerts" name="test_sweep_does_not_fire_off_threshold[13]" time="0.006" /><testcase classname="tests.test_insurance_alerts" name="test_sweep_does_not_fire_off_threshold[8]" time="0.006" /><testcase classname="tests.test_insurance_alerts" name="test_sweep_does_not_fire_off_threshold[6]" time="0.006" /><testcase classname="tests.test_insurance_alerts" name="test_sweep_does_not_fire_off_threshold[1]" time="0.006" /><testcase classname="tests.test_insurance_alerts" name="test_sweep_fires_every_day_while_expired[1]" time="0.006" /><testcase classname="tests.test_insurance_alerts" name="test_sweep_fires_every_day_while_expired[7]" time="0.006" /><testcase classname="tests.test_insurance_alerts" name="test_sweep_fires_every_day_while_expired[30]" time="0.006" /><testcase classname="tests.test_insurance_alerts" name="test_sweep_fires_every_day_while_expired[365]" time="0.006" /><testcase classname="tests.test_insurance_alerts" name="test_sweep_fires_once_per_policy" time="0.006" /><testcase classname="tests.test_insurance_alerts" name="test_sweep_ignores_struck_off_entities" time="0.007" /><testcase classname="tests.test_insurance_alerts" name="test_sweep_ignores_null_policies" time="0.006" /></testsuite></testsuites>